This is pdfTeX, Version 3.141592653-2.6-1.40.25 (TeX Live 2023/Debian) (preloaded format=latex 2024.6.12)  12 JUN 2024 21:23
entering extended mode
 restricted \write18 enabled.
 %&-line parsing enabled.
**\makeatletter\def\HCode{\futurelet\HCode\HChar}\def\HChar{\ifx"\HCode\def\HCo
de"##1"{\Link##1}\expandafter\HCode\else\expandafter\Link\fi}\def\Link#1.a.b.c.
{\g@addto@macro\@documentclasshook{\RequirePackage[#1,html]{tex4ht}}\let\HCode\
documentstyle\def\documentstyle{\let\documentstyle\HCode\expandafter\def\csname
 tex4ht\endcsname{#1,html}\def\HCode####1{\documentstyle[tex4ht,}\@ifnextchar[{
\HCode}{\documentstyle[tex4ht]}}}\makeatother\HCode .a.b.c.\input  output.tex
(./output.tex (/usr/share/texlive/texmf-dist/tex/latex/base/article.cls
Document Class: article 2023/05/17 v1.4n Standard LaTeX document class
(/usr/share/texlive/texmf-dist/tex/latex/base/size10.clo
File: size10.clo 2023/05/17 v1.4n Standard LaTeX file (size option)
)
\c@part=\count187
\c@section=\count188
\c@subsection=\count189
\c@subsubsection=\count190
\c@paragraph=\count191
\c@subparagraph=\count192
\c@figure=\count193
\c@table=\count194
\abovecaptionskip=\skip48
\belowcaptionskip=\skip49
\bibindent=\dimen140
)
(/usr/share/texlive/texmf-dist/tex/generic/tex4ht/tex4ht.sty
version 2024-01-23-13:44
Package: tex4ht 
--------------------------------------
--- Note --- for _ at preamble, use the command line option `early_'
--------------------------------------
--------------------------------------
--- Note --- for ^ at preamble, use the command line option `early^'
--------------------------------------
\tmp:toks=\toks17
)
(/usr/share/texlive/texmf-dist/tex/generic/tex4ht/usepackage.4ht
version 2024-01-22-12:49
)
(/usr/share/texlive/texmf-dist/tex/latex/microtype/microtype.sty
Package: microtype 2023/03/13 v3.1a Micro-typographical refinements (RS)

(/usr/share/texlive/texmf-dist/tex/latex/graphics/keyval.sty
Package: keyval 2022/05/29 v1.15 key=value parser (DPC)
\KV@toks@=\toks18
)
(/usr/share/texlive/texmf-dist/tex/latex/etoolbox/etoolbox.sty
Package: etoolbox 2020/10/05 v2.5k e-TeX tools for LaTeX (JAW)
\etb@tempcnta=\count195
)
\MT@toks=\toks19
\MT@tempbox=\box51
\MT@count=\count196
LaTeX Info: Redefining \noprotrusionifhmode on input line 1059.
LaTeX Info: Redefining \leftprotrusion on input line 1060.
\MT@prot@toks=\toks20
LaTeX Info: Redefining \rightprotrusion on input line 1078.
LaTeX Info: Redefining \textls on input line 1368.
\MT@outer@kern=\dimen141
LaTeX Info: Redefining \textmicrotypecontext on input line 1988.
\MT@listname@count=\count197

(/usr/share/texlive/texmf-dist/tex/latex/microtype/microtype-pdftex.def
File: microtype-pdftex.def 2023/03/13 v3.1a Definitions specific to pdftex (RS)

LaTeX Info: Redefining \lsstyle on input line 902.
LaTeX Info: Redefining \lslig on input line 902.
\MT@outer@space=\skip50
)
Package microtype Info: Loading configuration file microtype.cfg.

(/usr/share/texlive/texmf-dist/tex/latex/microtype/microtype.cfg
File: microtype.cfg 2023/03/13 v3.1a microtype main configuration file (RS)
))
(/usr/share/texlive/texmf-dist/tex/latex/graphics/graphicx.sty
Package: graphicx 2021/09/16 v1.2d Enhanced LaTeX Graphics (DPC,SPQR)

(/usr/share/texlive/texmf-dist/tex/generic/tex4ht/graphics-hooks.4ht
version 2022-08-17-14:25
)
(/usr/share/texlive/texmf-dist/tex/latex/graphics/graphics.sty
Package: graphics 2022/03/10 v1.4e Standard LaTeX Graphics (DPC,SPQR)

(/usr/share/texlive/texmf-dist/tex/latex/graphics/trig.sty
Package: trig 2021/08/11 v1.11 sin cos tan (DPC)
)
(/usr/share/texlive/texmf-dist/tex/latex/graphics-cfg/graphics.cfg
File: graphics.cfg 2016/06/04 v1.11 sample graphics configuration
)
Package graphics Info: Driver file: dvips.def on input line 107.

(/usr/share/texlive/texmf-dist/tex/latex/graphics-def/dvips.def
File: dvips.def 2022/09/22 v3.1e Graphics/color driver for dvips
))
\Gin@req@height=\dimen142
\Gin@req@width=\dimen143
)
(/usr/share/texlive/texmf-dist/tex/latex/svg/svg.sty
Package: svg 2020/11/26 v2.02k (include SVG pictures)

(/usr/share/texlive/texmf-dist/tex/generic/iftex/iftex.sty
Package: iftex 2022/02/03 v1.0f TeX engine tests
)
(/usr/share/texlive/texmf-dist/tex/latex/koma-script/scrbase.sty
Package: scrbase 2023/07/07 v3.41 KOMA-Script package (KOMA-Script-independent 
basics and keyval usage)

(/usr/share/texlive/texmf-dist/tex/latex/koma-script/scrlfile.sty
Package: scrlfile 2023/07/07 v3.41 KOMA-Script package (file load hooks)

(/usr/share/texlive/texmf-dist/tex/latex/koma-script/scrlfile-hook.sty
Package: scrlfile-hook 2023/07/07 v3.41 KOMA-Script package (using LaTeX hooks)


(/usr/share/texlive/texmf-dist/tex/latex/koma-script/scrlogo.sty
Package: scrlogo 2023/07/07 v3.41 KOMA-Script package (logo)
)))
Applying: [2021/05/01] Usage of raw or classic option list on input line 252.
Already applied: [0000/00/00] Usage of raw or classic option list on input line
 368.
)
(/usr/share/texlive/texmf-dist/tex/generic/pdftexcmds/pdftexcmds.sty
Package: pdftexcmds 2020-06-27 v0.33 Utility functions of pdfTeX for LuaTeX (HO
)

(/usr/share/texlive/texmf-dist/tex/generic/infwarerr/infwarerr.sty
Package: infwarerr 2019/12/03 v1.5 Providing info/warning/error messages (HO)
)
(/usr/share/texlive/texmf-dist/tex/generic/ltxcmds/ltxcmds.sty
Package: ltxcmds 2023-12-04 v1.26 LaTeX kernel commands for general use (HO)
)
Package pdftexcmds Info: \pdf@primitive is available.
Package pdftexcmds Info: \pdf@ifprimitive is available.
Package pdftexcmds Info: \pdfdraftmode is ignored in DVI mode.
)
(/usr/share/texlive/texmf-dist/tex/latex/trimspaces/trimspaces.sty
Package: trimspaces 2009/09/17 v1.1 Trim spaces around a token list
)
(/usr/share/texlive/texmf-dist/tex/latex/tools/shellesc.sty
Package: shellesc 2023/07/08 v1.0d unified shell escape interface for LaTeX
Package shellesc Info: Restricted shell escape enabled on input line 77.
)
\c@svg@param@lastpage=\count198
\svg@box=\box52
\c@svg@param@currpage=\count199
)
(/usr/share/texlive/texmf-dist/tex/generic/tex4ht/xcolor-hooks.4ht
version 2020-10-17-13:53
)
(/usr/share/texlive/texmf-dist/tex/latex/xcolor/xcolor.sty
Package: xcolor 2023/11/15 v3.01 LaTeX color extensions (UK)

(/usr/share/texlive/texmf-dist/tex/latex/graphics-cfg/color.cfg
File: color.cfg 2016/01/02 v1.6 sample color configuration
)
Package xcolor Info: Driver file: dvips.def on input line 274.

(/usr/share/texlive/texmf-dist/tex/latex/graphics/mathcolor.ltx)
Package xcolor Info: Model `cmy' substituted by `cmy0' on input line 1350.
Package xcolor Info: Model `RGB' extended on input line 1366.
Package xcolor Info: Model `HTML' substituted by `rgb' on input line 1368.
Package xcolor Info: Model `Hsb' substituted by `hsb' on input line 1369.
Package xcolor Info: Model `tHsb' substituted by `hsb' on input line 1370.
Package xcolor Info: Model `HSB' substituted by `hsb' on input line 1371.
Package xcolor Info: Model `Gray' substituted by `gray' on input line 1372.
Package xcolor Info: Model `wave' substituted by `hsb' on input line 1373.
)
(/usr/share/texlive/texmf-dist/tex/latex/transparent/transparent.sty
Package: transparent 2022-10-27 v1.5 Transparency with color stacks

(/usr/share/texlive/texmf-dist/tex/latex/transparent/transparent-nometadata.sty
Package: transparent-nometadata 2022-10-27 v1.5 Transparency via pdfTeX's color
 stack (HO)

Package transparent Warning: Loading aborted, because pdfTeX is not running in 
PDF mode.

)) (/usr/share/texlive/texmf-dist/tex/latex/pgf/systemlayer/pgfsys.sty
(/usr/share/texlive/texmf-dist/tex/latex/pgf/utilities/pgfrcs.sty
(/usr/share/texlive/texmf-dist/tex/generic/pgf/utilities/pgfutil-common.tex
\pgfutil@everybye=\toks21
\pgfutil@tempdima=\dimen144
\pgfutil@tempdimb=\dimen145
)
(/usr/share/texlive/texmf-dist/tex/generic/pgf/utilities/pgfutil-latex.def
\pgfutil@abb=\box53
)
(/usr/share/texlive/texmf-dist/tex/generic/pgf/utilities/pgfrcs.code.tex
(/usr/share/texlive/texmf-dist/tex/generic/pgf/pgf.revision.tex)
Package: pgfrcs 2023-01-15 v3.1.10 (3.1.10)
))
(/usr/share/texlive/texmf-dist/tex/generic/pgf/systemlayer/pgfsys.code.tex
Package: pgfsys 2023-01-15 v3.1.10 (3.1.10)

(/usr/share/texlive/texmf-dist/tex/generic/pgf/utilities/pgfkeys.code.tex
\pgfkeys@pathtoks=\toks22
\pgfkeys@temptoks=\toks23

(/usr/share/texlive/texmf-dist/tex/generic/pgf/utilities/pgfkeyslibraryfiltered
.code.tex
\pgfkeys@tmptoks=\toks24
))
\pgf@x=\dimen146
\pgf@y=\dimen147
\pgf@xa=\dimen148
\pgf@ya=\dimen149
\pgf@xb=\dimen150
\pgf@yb=\dimen151
\pgf@xc=\dimen152
\pgf@yc=\dimen153
\pgf@xd=\dimen154
\pgf@yd=\dimen155
\w@pgf@writea=\write3
\r@pgf@reada=\read2
\c@pgf@counta=\count266
\c@pgf@countb=\count267
\c@pgf@countc=\count268
\c@pgf@countd=\count269
\t@pgf@toka=\toks25
\t@pgf@tokb=\toks26
\t@pgf@tokc=\toks27
\pgf@sys@id@count=\count270
 (/usr/share/texlive/texmf-dist/tex/generic/pgf/systemlayer/pgf.cfg
File: pgf.cfg 2023-01-15 v3.1.10 (3.1.10)
)
Driver file for pgf: pgfsys-tex4ht.def
(/usr/share/texlive/texmf-dist/tex/generic/pgf/systemlayer/pgfsys-tex4ht.def
File: pgfsys-tex4ht.def 2023-01-15 v3.1.10 (3.1.10)

(/usr/share/texlive/texmf-dist/tex/generic/pgf/systemlayer/pgfsys-common-svg.de
f
File: pgfsys-common-svg.def 2023-01-15 v3.1.10 (3.1.10)
\pgf@sys@svg@objectcount=\count271
\pgf@sys@svg@scopecount=\count272
\pgf@sys@svg@type@count=\count273
\pgf@sys@svg@canvascount=\count274
)
\pgf@sys@svg@picnum=\count275
\pgf@sys@svg@nodenum=\count276
\pgfsys@foreignobject@Box=\box54
\pgf@s=\dimen156
\pgf@t=\dimen157
 (/usr/share/texlive/texmf-dist/tex/generic/tex4ht/xcolor-hooks.4ht
version 2020-10-17-13:53
)))
(/usr/share/texlive/texmf-dist/tex/generic/pgf/systemlayer/pgfsyssoftpath.code.
tex
File: pgfsyssoftpath.code.tex 2023-01-15 v3.1.10 (3.1.10)
\pgfsyssoftpath@smallbuffer@items=\count277
\pgfsyssoftpath@bigbuffer@items=\count278
)
(/usr/share/texlive/texmf-dist/tex/generic/pgf/systemlayer/pgfsysprotocol.code.
tex
File: pgfsysprotocol.code.tex 2023-01-15 v3.1.10 (3.1.10)
)) (/usr/share/texlive/texmf-dist/tex/latex/caption/subcaption.sty
Package: subcaption 2023/07/28 v1.6b Sub-captions (AR)

(/usr/share/texlive/texmf-dist/tex/generic/tex4ht/caption-hooks.4ht
version 2022-11-20-07:09
)
(/usr/share/texlive/texmf-dist/tex/latex/caption/caption.sty
Package: caption 2023/08/05 v3.6o Customizing captions (AR)

(/usr/share/texlive/texmf-dist/tex/latex/caption/caption3.sty
Package: caption3 2023/07/31 v2.4d caption3 kernel (AR)
\caption@tempdima=\dimen158
\captionmargin=\dimen159
\caption@leftmargin=\dimen160
\caption@rightmargin=\dimen161
\caption@width=\dimen162
\caption@indent=\dimen163
\caption@parindent=\dimen164
\caption@hangindent=\dimen165
Package caption Info: Standard document class detected.
)
\c@caption@flags=\count279
\c@continuedfloat=\count280
)
Package caption Info: New subtype `subfigure' on input line 238.
\c@subfigure=\count281
Package caption Info: New subtype `subtable' on input line 238.
\c@subtable=\count282
)
(/usr/share/texlive/texmf-dist/tex/generic/tex4ht/caption-hooks.4ht
version 2022-11-20-07:09
)
(/usr/share/texlive/texmf-dist/tex/generic/tex4ht/tikz-hooks.4ht
version 2024-01-15-14:00
)
(/usr/share/texlive/texmf-dist/tex/latex/pgf/frontendlayer/tikz.sty
(/usr/share/texlive/texmf-dist/tex/generic/tex4ht/pgf-hooks.4ht
version 2024-01-15-14:00
)
(/usr/share/texlive/texmf-dist/tex/latex/pgf/basiclayer/pgf.sty
Package: pgf 2023-01-15 v3.1.10 (3.1.10)

(/usr/share/texlive/texmf-dist/tex/latex/pgf/basiclayer/pgfcore.sty
(/usr/share/texlive/texmf-dist/tex/generic/tex4ht/xcolor-hooks.4ht
version 2020-10-17-13:53
)
(/usr/share/texlive/texmf-dist/tex/generic/pgf/basiclayer/pgfcore.code.tex
Package: pgfcore 2023-01-15 v3.1.10 (3.1.10)

(/usr/share/texlive/texmf-dist/tex/generic/pgf/math/pgfmath.code.tex
(/usr/share/texlive/texmf-dist/tex/generic/pgf/math/pgfmathutil.code.tex)
(/usr/share/texlive/texmf-dist/tex/generic/pgf/math/pgfmathparser.code.tex
\pgfmath@dimen=\dimen166
\pgfmath@count=\count283
\pgfmath@box=\box55
\pgfmath@toks=\toks28
\pgfmath@stack@operand=\toks29
\pgfmath@stack@operation=\toks30
)
(/usr/share/texlive/texmf-dist/tex/generic/pgf/math/pgfmathfunctions.code.tex)
(/usr/share/texlive/texmf-dist/tex/generic/pgf/math/pgfmathfunctions.basic.code
.tex)
(/usr/share/texlive/texmf-dist/tex/generic/pgf/math/pgfmathfunctions.trigonomet
ric.code.tex)
(/usr/share/texlive/texmf-dist/tex/generic/pgf/math/pgfmathfunctions.random.cod
e.tex)
(/usr/share/texlive/texmf-dist/tex/generic/pgf/math/pgfmathfunctions.comparison
.code.tex)
(/usr/share/texlive/texmf-dist/tex/generic/pgf/math/pgfmathfunctions.base.code.
tex)
(/usr/share/texlive/texmf-dist/tex/generic/pgf/math/pgfmathfunctions.round.code
.tex)
(/usr/share/texlive/texmf-dist/tex/generic/pgf/math/pgfmathfunctions.misc.code.
tex)
(/usr/share/texlive/texmf-dist/tex/generic/pgf/math/pgfmathfunctions.integerari
thmetics.code.tex)
(/usr/share/texlive/texmf-dist/tex/generic/pgf/math/pgfmathcalc.code.tex)
(/usr/share/texlive/texmf-dist/tex/generic/pgf/math/pgfmathfloat.code.tex
\c@pgfmathroundto@lastzeros=\count284
))
(/usr/share/texlive/texmf-dist/tex/generic/pgf/math/pgfint.code.tex)
(/usr/share/texlive/texmf-dist/tex/generic/pgf/basiclayer/pgfcorepoints.code.te
x
File: pgfcorepoints.code.tex 2023-01-15 v3.1.10 (3.1.10)
\pgf@picminx=\dimen167
\pgf@picmaxx=\dimen168
\pgf@picminy=\dimen169
\pgf@picmaxy=\dimen170
\pgf@pathminx=\dimen171
\pgf@pathmaxx=\dimen172
\pgf@pathminy=\dimen173
\pgf@pathmaxy=\dimen174
\pgf@xx=\dimen175
\pgf@xy=\dimen176
\pgf@yx=\dimen177
\pgf@yy=\dimen178
\pgf@zx=\dimen179
\pgf@zy=\dimen180
)
(/usr/share/texlive/texmf-dist/tex/generic/pgf/basiclayer/pgfcorepathconstruct.
code.tex
File: pgfcorepathconstruct.code.tex 2023-01-15 v3.1.10 (3.1.10)
\pgf@path@lastx=\dimen181
\pgf@path@lasty=\dimen182
)
(/usr/share/texlive/texmf-dist/tex/generic/pgf/basiclayer/pgfcorepathusage.code
.tex
File: pgfcorepathusage.code.tex 2023-01-15 v3.1.10 (3.1.10)
\pgf@shorten@end@additional=\dimen183
\pgf@shorten@start@additional=\dimen184
)
(/usr/share/texlive/texmf-dist/tex/generic/pgf/basiclayer/pgfcorescopes.code.te
x
File: pgfcorescopes.code.tex 2023-01-15 v3.1.10 (3.1.10)
\pgfpic=\box56
\pgf@hbox=\box57
\pgf@layerbox@main=\box58
\pgf@picture@serial@count=\count285
)
(/usr/share/texlive/texmf-dist/tex/generic/pgf/basiclayer/pgfcoregraphicstate.c
ode.tex
File: pgfcoregraphicstate.code.tex 2023-01-15 v3.1.10 (3.1.10)
\pgflinewidth=\dimen185
)
(/usr/share/texlive/texmf-dist/tex/generic/pgf/basiclayer/pgfcoretransformation
s.code.tex
File: pgfcoretransformations.code.tex 2023-01-15 v3.1.10 (3.1.10)
\pgf@pt@x=\dimen186
\pgf@pt@y=\dimen187
\pgf@pt@temp=\dimen188
)
(/usr/share/texlive/texmf-dist/tex/generic/pgf/basiclayer/pgfcorequick.code.tex
File: pgfcorequick.code.tex 2023-01-15 v3.1.10 (3.1.10)
)
(/usr/share/texlive/texmf-dist/tex/generic/pgf/basiclayer/pgfcoreobjects.code.t
ex
File: pgfcoreobjects.code.tex 2023-01-15 v3.1.10 (3.1.10)
)
(/usr/share/texlive/texmf-dist/tex/generic/pgf/basiclayer/pgfcorepathprocessing
.code.tex
File: pgfcorepathprocessing.code.tex 2023-01-15 v3.1.10 (3.1.10)
)
(/usr/share/texlive/texmf-dist/tex/generic/pgf/basiclayer/pgfcorearrows.code.te
x
File: pgfcorearrows.code.tex 2023-01-15 v3.1.10 (3.1.10)
\pgfarrowsep=\dimen189
)
(/usr/share/texlive/texmf-dist/tex/generic/pgf/basiclayer/pgfcoreshade.code.tex
File: pgfcoreshade.code.tex 2023-01-15 v3.1.10 (3.1.10)
\pgf@max=\dimen190
\pgf@sys@shading@range@num=\count286
\pgf@shadingcount=\count287
)
(/usr/share/texlive/texmf-dist/tex/generic/pgf/basiclayer/pgfcoreimage.code.tex
File: pgfcoreimage.code.tex 2023-01-15 v3.1.10 (3.1.10)
)
(/usr/share/texlive/texmf-dist/tex/generic/pgf/basiclayer/pgfcoreexternal.code.
tex
File: pgfcoreexternal.code.tex 2023-01-15 v3.1.10 (3.1.10)
\pgfexternal@startupbox=\box59
)
(/usr/share/texlive/texmf-dist/tex/generic/pgf/basiclayer/pgfcorelayers.code.te
x
File: pgfcorelayers.code.tex 2023-01-15 v3.1.10 (3.1.10)
)
(/usr/share/texlive/texmf-dist/tex/generic/pgf/basiclayer/pgfcoretransparency.c
ode.tex
File: pgfcoretransparency.code.tex 2023-01-15 v3.1.10 (3.1.10)
)
(/usr/share/texlive/texmf-dist/tex/generic/pgf/basiclayer/pgfcorepatterns.code.
tex
File: pgfcorepatterns.code.tex 2023-01-15 v3.1.10 (3.1.10)
)
(/usr/share/texlive/texmf-dist/tex/generic/pgf/basiclayer/pgfcorerdf.code.tex
File: pgfcorerdf.code.tex 2023-01-15 v3.1.10 (3.1.10)
)))
(/usr/share/texlive/texmf-dist/tex/generic/pgf/modules/pgfmoduleshapes.code.tex
File: pgfmoduleshapes.code.tex 2023-01-15 v3.1.10 (3.1.10)
\pgfnodeparttextbox=\box60
) (/usr/share/texlive/texmf-dist/tex/generic/pgf/modules/pgfmoduleplot.code.tex
File: pgfmoduleplot.code.tex 2023-01-15 v3.1.10 (3.1.10)
)
(/usr/share/texlive/texmf-dist/tex/latex/pgf/compatibility/pgfcomp-version-0-65
.sty
Package: pgfcomp-version-0-65 2023-01-15 v3.1.10 (3.1.10)
\pgf@nodesepstart=\dimen191
\pgf@nodesepend=\dimen192
)
(/usr/share/texlive/texmf-dist/tex/latex/pgf/compatibility/pgfcomp-version-1-18
.sty
Package: pgfcomp-version-1-18 2023-01-15 v3.1.10 (3.1.10)
)) (/usr/share/texlive/texmf-dist/tex/latex/pgf/utilities/pgffor.sty
(/usr/share/texlive/texmf-dist/tex/latex/pgf/utilities/pgfkeys.sty
(/usr/share/texlive/texmf-dist/tex/generic/pgf/utilities/pgfkeys.code.tex))
(/usr/share/texlive/texmf-dist/tex/latex/pgf/math/pgfmath.sty
(/usr/share/texlive/texmf-dist/tex/generic/pgf/math/pgfmath.code.tex))
(/usr/share/texlive/texmf-dist/tex/generic/pgf/utilities/pgffor.code.tex
Package: pgffor 2023-01-15 v3.1.10 (3.1.10)
\pgffor@iter=\dimen193
\pgffor@skip=\dimen194
\pgffor@stack=\toks31
\pgffor@toks=\toks32
))
(/usr/share/texlive/texmf-dist/tex/generic/pgf/frontendlayer/tikz/tikz.code.tex
Package: tikz 2023-01-15 v3.1.10 (3.1.10)

(/usr/share/texlive/texmf-dist/tex/generic/pgf/libraries/pgflibraryplothandlers
.code.tex
File: pgflibraryplothandlers.code.tex 2023-01-15 v3.1.10 (3.1.10)
\pgf@plot@mark@count=\count288
\pgfplotmarksize=\dimen195
)
\tikz@lastx=\dimen196
\tikz@lasty=\dimen197
\tikz@lastxsaved=\dimen198
\tikz@lastysaved=\dimen199
\tikz@lastmovetox=\dimen256
\tikz@lastmovetoy=\dimen257
\tikzleveldistance=\dimen258
\tikzsiblingdistance=\dimen259
\tikz@figbox=\box61
\tikz@figbox@bg=\box62
\tikz@tempbox=\box63
\tikz@tempbox@bg=\box64
\tikztreelevel=\count289
\tikznumberofchildren=\count290
\tikznumberofcurrentchild=\count291
\tikz@fig@count=\count292

(/usr/share/texlive/texmf-dist/tex/generic/pgf/modules/pgfmodulematrix.code.tex
File: pgfmodulematrix.code.tex 2023-01-15 v3.1.10 (3.1.10)
\pgfmatrixcurrentrow=\count293
\pgfmatrixcurrentcolumn=\count294
\pgf@matrix@numberofcolumns=\count295
)
\tikz@expandcount=\count296

(/usr/share/texlive/texmf-dist/tex/generic/pgf/frontendlayer/tikz/libraries/tik
zlibrarytopaths.code.tex
File: tikzlibrarytopaths.code.tex 2023-01-15 v3.1.10 (3.1.10)
)))
(/usr/share/texlive/texmf-dist/tex/latex/booktabs/booktabs.sty
Package: booktabs 2020/01/12 v1.61803398 Publication quality tables
\heavyrulewidth=\dimen260
\lightrulewidth=\dimen261
\cmidrulewidth=\dimen262
\belowrulesep=\dimen263
\belowbottomsep=\dimen264
\aboverulesep=\dimen265
\abovetopsep=\dimen266
\cmidrulesep=\dimen267
\cmidrulekern=\dimen268
\defaultaddspace=\dimen269
\@cmidla=\count297
\@cmidlb=\count298
\@aboverulesep=\dimen270
\@belowrulesep=\dimen271
\@thisruleclass=\count299
\@lastruleclass=\count300
\@thisrulewidth=\dimen272
)
(/usr/share/texlive/texmf-dist/tex/latex/multirow/multirow.sty
Package: multirow 2021/03/15 v2.8 Span multiple rows of a table
\multirow@colwidth=\skip51
\multirow@cntb=\count301
\multirow@dima=\skip52
\bigstrutjot=\dimen273
)
(/usr/share/texlive/texmf-dist/tex/generic/tex4ht/graphbox-hooks.4ht
version 2021-12-02-14:01
)
(/usr/share/texlive/texmf-dist/tex/latex/graphbox/graphbox.sty
Package: graphbox 2018/01/17 v1.1 extension for graphicx to adjust containing b
ox
\Gin@box@box=\box65
\Gin@box@width=\skip53
\Gin@box@height=\skip54
\Gin@box@raise=\skip55
\Gin@box@hspace=\skip56
\Gin@box@bwidth=\skip57
\Gin@box@bheight=\skip58
)
(./math_commands.tex
(/usr/share/texlive/texmf-dist/tex/latex/amsmath/amsmath.sty
Package: amsmath 2023/05/13 v2.17o AMS math features
\@mathmargin=\skip59

For additional information on amsmath, use the `?' option.
(/usr/share/texlive/texmf-dist/tex/latex/amsmath/amstext.sty
Package: amstext 2021/08/26 v2.01 AMS text

(/usr/share/texlive/texmf-dist/tex/latex/amsmath/amsgen.sty
File: amsgen.sty 1999/11/30 v2.0 generic functions
\@emptytoks=\toks33
\ex@=\dimen274
))
(/usr/share/texlive/texmf-dist/tex/latex/amsmath/amsbsy.sty
Package: amsbsy 1999/11/29 v1.2d Bold Symbols
\pmbraise@=\dimen275
)
(/usr/share/texlive/texmf-dist/tex/latex/amsmath/amsopn.sty
Package: amsopn 2022/04/08 v2.04 operator names
)
\inf@bad=\count302
LaTeX Info: Redefining \frac on input line 234.
\uproot@=\count303
\leftroot@=\count304
LaTeX Info: Redefining \overline on input line 399.
LaTeX Info: Redefining \colon on input line 410.
\classnum@=\count305
\DOTSCASE@=\count306
LaTeX Info: Redefining \ldots on input line 496.
LaTeX Info: Redefining \dots on input line 499.
LaTeX Info: Redefining \cdots on input line 620.
\Mathstrutbox@=\box66
\strutbox@=\box67
LaTeX Info: Redefining \big on input line 722.
LaTeX Info: Redefining \Big on input line 723.
LaTeX Info: Redefining \bigg on input line 724.
LaTeX Info: Redefining \Bigg on input line 725.
\big@size=\dimen276
LaTeX Font Info:    Redeclaring font encoding OML on input line 743.
LaTeX Font Info:    Redeclaring font encoding OMS on input line 744.
\macc@depth=\count307
LaTeX Info: Redefining \bmod on input line 905.
LaTeX Info: Redefining \pmod on input line 910.
LaTeX Info: Redefining \smash on input line 940.
LaTeX Info: Redefining \relbar on input line 970.
LaTeX Info: Redefining \Relbar on input line 971.
\c@MaxMatrixCols=\count308
\dotsspace@=\muskip16
\c@parentequation=\count309
\dspbrk@lvl=\count310
\tag@help=\toks34
\row@=\count311
\column@=\count312
\maxfields@=\count313
\andhelp@=\toks35
\eqnshift@=\dimen277
\alignsep@=\dimen278
\tagshift@=\dimen279
\tagwidth@=\dimen280
\totwidth@=\dimen281
\lineht@=\dimen282
\@envbody=\toks36
\multlinegap=\skip60
\multlinetaggap=\skip61
\mathdisplay@stack=\toks37
LaTeX Info: Redefining \[ on input line 2953.
LaTeX Info: Redefining \] on input line 2954.
)
(/usr/share/texlive/texmf-dist/tex/latex/amsfonts/amsfonts.sty
Package: amsfonts 2013/01/14 v3.01 Basic AMSFonts support
\symAMSa=\mathgroup4
\symAMSb=\mathgroup5
LaTeX Font Info:    Redeclaring math symbol \hbar on input line 98.
LaTeX Font Info:    Overwriting math alphabet `\mathfrak' in version `bold'
(Font)                  U/euf/m/n --> U/euf/b/n on input line 106.
)
(/usr/share/texlive/texmf-dist/tex/latex/tools/bm.sty
Package: bm 2023/07/08 v1.2f Bold Symbol Support (DPC/FMi)
\symboldoperators=\mathgroup6
\symboldletters=\mathgroup7
\symboldsymbols=\mathgroup8
Package bm Info: No bold for \OMX/cmex/m/n, using \pmb.
Package bm Info: No bold for \U/msa/m/n, using \pmb.
Package bm Info: No bold for \U/msb/m/n, using \pmb.
LaTeX Font Info:    Redeclaring math alphabet \mathbf on input line 149.
)
(/usr/share/texlive/texmf-dist/tex/latex/amscls/amsthm.sty
Package: amsthm 2020/05/29 v2.20.6
\thm@style=\toks38
\thm@bodyfont=\toks39
\thm@headfont=\toks40
\thm@notefont=\toks41
\thm@headpunct=\toks42
\thm@preskip=\skip62
\thm@postskip=\skip63
\thm@headsep=\skip64
\dth@everypar=\toks43
)
\c@Problem=\count314
\c@Theorem=\count315
\c@proposition=\count316
\c@Proposition=\count317
\c@Lemma=\count318
\c@Corollary=\count319
\c@Example=\count320
\c@Remark=\count321
\c@Definition=\count322
\c@Claim=\count323
\c@definition=\count324
LaTeX Font Info:    Overwriting math alphabet `\mathsfit' in version `bold'
(Font)                  OT1/cmss/m/sl --> OT1/cmss/bx/n on input line 328.
)
(/usr/share/texlive/texmf-dist/tex/generic/tex4ht/hyperref-hooks.4ht
version 2023-09-17-08:01
)
(/usr/share/texlive/texmf-dist/tex/latex/hyperref/hyperref.sty
Package: hyperref 2024-01-20 v7.01h Hypertext links for LaTeX

(/usr/share/texlive/texmf-dist/tex/latex/kvsetkeys/kvsetkeys.sty
Package: kvsetkeys 2022-10-05 v1.19 Key value parser (HO)
)
(/usr/share/texlive/texmf-dist/tex/generic/kvdefinekeys/kvdefinekeys.sty
Package: kvdefinekeys 2019-12-19 v1.6 Define keys (HO)
)
(/usr/share/texlive/texmf-dist/tex/generic/pdfescape/pdfescape.sty
Package: pdfescape 2019/12/09 v1.15 Implements pdfTeX's escape features (HO)
)
(/usr/share/texlive/texmf-dist/tex/latex/hycolor/hycolor.sty
Package: hycolor 2020-01-27 v1.10 Color options for hyperref/bookmark (HO)
)
(/usr/share/texlive/texmf-dist/tex/latex/auxhook/auxhook.sty
Package: auxhook 2019-12-17 v1.6 Hooks for auxiliary files (HO)


Package auxhook Warning: Cannot patch \document,
(auxhook)                using \AtBeginDocument instead.

) (/usr/share/texlive/texmf-dist/tex/latex/hyperref/nameref.sty
Package: nameref 2023-11-26 v2.56 Cross-referencing by name of section

(/usr/share/texlive/texmf-dist/tex/latex/refcount/refcount.sty
Package: refcount 2019/12/15 v3.6 Data extraction from label references (HO)
)
(/usr/share/texlive/texmf-dist/tex/generic/gettitlestring/gettitlestring.sty
Package: gettitlestring 2019/12/15 v1.6 Cleanup title references (HO)

(/usr/share/texlive/texmf-dist/tex/latex/kvoptions/kvoptions.sty
Package: kvoptions 2022-06-15 v3.15 Key value format for package options (HO)
))
\c@section@level=\count325
)
\@linkdim=\dimen283
\Hy@linkcounter=\count326
\Hy@pagecounter=\count327

(/usr/share/texlive/texmf-dist/tex/latex/hyperref/pd1enc.def
File: pd1enc.def 2024-01-20 v7.01h Hyperref: PDFDocEncoding definition (HO)
Now handling font encoding PD1 ...
... no UTF-8 mapping file for font encoding PD1
)
(/usr/share/texlive/texmf-dist/tex/generic/intcalc/intcalc.sty
Package: intcalc 2019/12/15 v1.3 Expandable calculations with integers (HO)
)
\Hy@SavedSpaceFactor=\count328

(/usr/share/texlive/texmf-dist/tex/latex/hyperref/puenc.def
File: puenc.def 2024-01-20 v7.01h Hyperref: PDF Unicode definition (HO)
Now handling font encoding PU ...
... no UTF-8 mapping file for font encoding PU
)
Package hyperref Info: Option `colorlinks' set `true' on input line 4062.
Package hyperref Info: Hyper figures OFF on input line 4179.
Package hyperref Info: Link nesting OFF on input line 4184.
Package hyperref Info: Hyper index ON on input line 4187.
Package hyperref Info: Plain pages OFF on input line 4194.
Package hyperref Info: Backreferencing OFF on input line 4199.
Package hyperref Info: Implicit mode ON; LaTeX internals redefined.
Package hyperref Info: Bookmarks ON on input line 4446.
\c@Hy@tempcnt=\count329

(/usr/share/texlive/texmf-dist/tex/latex/url/url.sty
\Urlmuskip=\muskip17
Package: url 2013/09/16  ver 3.4  Verb mode for urls, etc.
)
LaTeX Info: Redefining \url on input line 4784.
\XeTeXLinkMargin=\dimen284

(/usr/share/texlive/texmf-dist/tex/generic/bitset/bitset.sty
Package: bitset 2019/12/09 v1.3 Handle bit-vector datatype (HO)

(/usr/share/texlive/texmf-dist/tex/generic/bigintcalc/bigintcalc.sty
Package: bigintcalc 2019/12/15 v1.5 Expandable calculations on big integers (HO
)
))
\Fld@menulength=\count330
\Field@Width=\dimen285
\Fld@charsize=\dimen286
\Field@toks=\toks44
Package hyperref Info: Hyper figures OFF on input line 6063.
Package hyperref Info: Link nesting OFF on input line 6068.
Package hyperref Info: Hyper index ON on input line 6071.
Package hyperref Info: backreferencing OFF on input line 6078.
Package hyperref Info: Link coloring ON on input line 6081.
Package hyperref Info: Link coloring with OCG OFF on input line 6088.
Package hyperref Info: PDF/A mode OFF on input line 6093.

(/usr/share/texlive/texmf-dist/tex/latex/base/atbegshi-ltx.sty
Package: atbegshi-ltx 2021/01/10 v1.0c Emulation of the original atbegshi
package with kernel methods
)
\Hy@abspage=\count331


Package hyperref Message: Stopped early.

)
Package hyperref Info: Driver: htex4ht.
 (/usr/share/texlive/texmf-dist/tex/latex/hyperref/htex4ht.def
File: htex4ht.def 2024-01-20 v7.01h Hyperref driver for TeX4ht
Package hyperref Info: tex4ht is already loaded.
)
(/usr/share/texlive/texmf-dist/tex/latex/tools/array.sty
Package: array 2023/10/16 v2.5g Tabular extension package (FMi)
\col@sep=\dimen287
\ar@mcellbox=\box68
\extrarowheight=\dimen288
\NC@list=\toks45
\extratabsurround=\skip65
\backup@length=\skip66
\ar@cellbox=\box69
) (./icml2024.sty
Package: icml2024 2023/11/23 v2.0 ICML Conference Style File

(/usr/share/texlive/texmf-dist/tex/latex/psnfss/times.sty
Package: times 2020/03/25 PSNFSS-v9.3 (SPQR) 
)
(/usr/share/texlive/texmf-dist/tex/generic/tex4ht/fancyhdr-hooks.4ht
version 2020-10-17-13:53
)
(./fancyhdr.sty
\fancy@headwidth=\skip67
\f@ncyO@elh=\skip68
\f@ncyO@erh=\skip69
\f@ncyO@olh=\skip70
\f@ncyO@orh=\skip71
\f@ncyO@elf=\skip72
\f@ncyO@erf=\skip73
\f@ncyO@olf=\skip74
\f@ncyO@orf=\skip75
)
(/usr/share/texlive/texmf-dist/tex/generic/tex4ht/xcolor-hooks.4ht
version 2020-10-17-13:53
)
(./algorithm.sty
Package: algorithm 

Document Style `algorithm' - floating environment
(/usr/share/texlive/texmf-dist/tex/latex/float/float.sty
Package: float 2001/11/08 v1.3d Float enhancements (AL)
\c@float@type=\count332
\float@exts=\toks46
\float@box=\box70
\@float@everytoks=\toks47
\@floatcapt=\box71
)
(/usr/share/texlive/texmf-dist/tex/latex/base/ifthen.sty
Package: ifthen 2022/04/13 v1.1d Standard LaTeX ifthen package (DPC)
)
\@float@every@algorithm=\toks48
\c@algorithm=\count333
) (./algorithmic.sty
Package: algorithmic 

Document Style `algorithmic' - environment
(/usr/share/texlive/texmf-dist/tex/latex/tools/calc.sty
Package: calc 2023/07/08 v4.3 Infix arithmetic (KKT,FJ)
\calc@Acount=\count334
\calc@Bcount=\count335
\calc@Adimen=\dimen289
\calc@Bdimen=\dimen290
\calc@Askip=\skip76
\calc@Bskip=\skip77
LaTeX Info: Redefining \setlength on input line 80.
LaTeX Info: Redefining \addtolength on input line 81.
\calc@Ccount=\count336
\calc@Cskip=\skip78
)
\c@ALC@line=\count337
\c@ALC@rem=\count338
\ALC@tlm=\skip79
)
(/usr/share/texlive/texmf-dist/tex/latex/natbib/natbib.sty
Package: natbib 2010/09/13 8.31b (PWD, AO)
\bibhang=\skip80
\bibsep=\skip81
LaTeX Info: Redefining \cite on input line 694.
\c@NAT@ctr=\count339
)
(/usr/share/texlive/texmf-dist/tex/generic/tex4ht/esopic-hooks.4ht
version 2020-10-17-13:53

tex4ht warning: package eso-pic was prevented from loading
) (/usr/share/texlive/texmf-dist/tex/latex/forloop/forloop.sty
Package: forloop 2023/05/03 v3.0 For Loops for LaTeX
)
Package hyperref Info: Option `colorlinks' set `true' on input line 151.
\titrun=\box72
\c@@affiliationcounter=\count340
\c@@affilnum=\count341
\newcaptionbox=\box73
\newcaptionboxwid=\dimen291
\icmlrulerbox=\box74
\icmlrulercount=\count342
\icmlruleroffset=\dimen292
\cv@lineheight=\dimen293
\cv@boxheight=\dimen294
\cv@tmpbox=\box75
\cv@refno=\count343
\cv@tot=\count344
\cv@tmpc@=\count345
\cv@tmpc=\count346
)
(/usr/share/texlive/texmf-dist/tex/latex/amsfonts/amssymb.sty
Package: amssymb 2013/01/14 v3.01 AMS font symbols
)
(/usr/share/texlive/texmf-dist/tex/latex/enumitem/enumitem.sty
Package: enumitem 2019/06/20 v3.9 Customized lists
\labelindent=\skip82
\enit@outerparindent=\dimen295
\enit@toks=\toks49
\enit@inbox=\box76
\enit@count@id=\count347
\enitdp@description=\count348
)
(/usr/share/texlive/texmf-dist/tex/latex/doublestroke/dsfont.sty
Package: dsfont 1995/08/01 v0.1 Double stroke roman fonts
)
(/usr/share/texlive/texmf-dist/tex/latex/todonotes/todonotes.sty
Package: todonotes 2024/01/05 v1.1.7 Todonotes source and documentation.
Package: todonotes 2024/01/05

(/usr/share/texlive/texmf-dist/tex/latex/xkeyval/xkeyval.sty
Package: xkeyval 2022/06/16 v2.9 package option processing (HA)

(/usr/share/texlive/texmf-dist/tex/generic/xkeyval/xkeyval.tex
(/usr/share/texlive/texmf-dist/tex/generic/xkeyval/xkvutils.tex
\XKV@toks=\toks50
\XKV@tempa@toks=\toks51
)
\XKV@depth=\count349
File: xkeyval.tex 2014/12/03 v2.7a key=value parser (HA)
))
(/usr/share/texlive/texmf-dist/tex/generic/tex4ht/xcolor-hooks.4ht
version 2020-10-17-13:53
)
(/usr/share/texlive/texmf-dist/tex/generic/tex4ht/tikz-hooks.4ht
version 2024-01-15-14:00
)
(/usr/share/texlive/texmf-dist/tex/generic/pgf/frontendlayer/tikz/libraries/tik
zlibrarypositioning.code.tex
File: tikzlibrarypositioning.code.tex 2023-01-15 v3.1.10 (3.1.10)
)
\c@@todonotes@numberoftodonotes=\count350
)
(/usr/share/texlive/texmf-dist/tex/generic/tex4ht/tex4ht.4ht
version 2024-01-10-14:44
--------------------------------------
--- Note --- for additional information, use the command line option `info'
--------------------------------------

::::::::::::::::::::::::::::::::::::::::::
 TeX4ht info is available in the log file 
::::::::::::::::::::::::::::::::::::::::::
) (/usr/share/texlive/texmf-dist/tex/generic/tex4ht/tex4ht.sty
version 2024-01-23-13:44

l.870 --- TeX4ht warning --- nonprimitive \everypar ---
--- needs --- tex4ht output ---
\tmp:cnt=\count351
\openout15 = `output.tmp'.

(./output.tmp)
\tmp:dim=\skip83
--------------------------------------
--- Note --- for XML code, use the command line option `xml' or `xhtml'
--------------------------------------
 (./output.xref)
\:refout=\write4
\openout4 = `output.xref'.


(/usr/share/texlive/texmf-dist/tex/generic/tex4ht/html4.4ht
version 2024-01-30-13:46
--------------------------------------
--- Note --- to remove the <?xml version=...?> processing instruction use the c
ommand line option `no-VERSION'
--------------------------------------
--------------------------------------
--- Note --- to remove the DOCTYPE declaration use the command line option `no-
DOCTYPE'
--------------------------------------
)
(/usr/share/texlive/texmf-dist/tex/generic/tex4ht/html4-math.4ht
version 2022-10-25-13:59
)
--------------------------------------
--- Note --- for marking of the base font, use the command line option `fonts+'

--------------------------------------
--------------------------------------
--- Note --- for non active _, use the command line option `no_'
--------------------------------------
--------------------------------------
--- Note --- for _ of catcode 13, use the command line option `_13'
--------------------------------------
--------------------------------------
--- Note --- for non active ^, use the command line option `no^'
--------------------------------------
--------------------------------------
--- Note --- for ^ of catcode 13, use the command line option `^13'
--------------------------------------

(/usr/share/texlive/texmf-dist/tex/generic/tex4ht/html4.4ht
version 2024-01-30-13:46
--------------------------------------
--- Note --- for alternative charset, use the command line option `charset=...'

--------------------------------------
--------------------------------------
--- Note --- to ignore CSS font decoration, use the `NoFonts' command line opti
on
--------------------------------------
--------------------------------------
--- Note --- for jpg bitmaps of pictures, use the `jpg' command line option. (C
haracter bitmaps are controled only by `g' records of tex4ht.env and `-g' switc
hes of tex4ht.c) 
--------------------------------------
--------------------------------------
--- Note --- for gif bitmaps of pictures, use the `gif' command line option. (C
haracter bitmaps are controled only by `g' records of tex4ht.env and `-g' switc
hes of tex4ht.c) 
--------------------------------------
--------------------------------------
--- Note --- for content and toc in 2 frames, use the command line option `fram
es'
--------------------------------------
--------------------------------------
--- Note --- for content, toc, and footnotes in 3 frames, use the command line 
option `frames-fn'
--------------------------------------
--------------------------------------
--- Note --- for file extension name xht, use the command line option `xht'
--------------------------------------
TeX4ht package options: html
--------------------------------------
--- Note --- To print a timestamp, use the command line option timestamp
--------------------------------------
--------------------------------------
--- Note --- to ignore CSS code, use the command line option `-css
--------------------------------------
--------------------------------------
--- Note --- for inline CSS code, use the command line option `css-in'
--------------------------------------
--------------------------------------
--- Note --- for pop ups on mouse over, use the command line option `mouseover'

--------------------------------------
--------------------------------------
--- Note --- for addressing images in a subdirectory, use the command line opti
on `imgdir:.../'
--------------------------------------
)
(/usr/share/texlive/texmf-dist/tex/generic/tex4ht/html4-math.4ht
version 2022-10-25-13:59
)
\:tokwrite=\toks52
\:tokpage=\toks53
--------------------------------------
--- Note --- for back links to toc, use the command line option `sections+'
--------------------------------------
--------------------------------------
--- Note --- for linear crosslinks of pages, use the command line option `next'

--------------------------------------
\openout15 = `output.4ct'.

\:tocout=\write5
\openout5 = `output.4tc'.

 (output.4tc)
(/usr/share/texlive/texmf-dist/tex/generic/tex4ht/html4.4ht
version 2024-01-30-13:46
)
(/usr/share/texlive/texmf-dist/tex/generic/tex4ht/html4-math.4ht
version 2022-10-25-13:59
)
(/usr/share/texlive/texmf-dist/tex/generic/tex4ht/latex.4ht
version 2023-11-09-13:34
LaTeX Info: Redefining \_ on input line 180.
LaTeX Info: Redefining \begin on input line 598.
LaTeX Info: Redefining \end on input line 646.
LaTeX Info: Redefining \, on input line 808.
LaTeX Info: Redefining \; on input line 809.
LaTeX Info: Redefining \! on input line 810.
LaTeX Info: Redefining \: on input line 811.
LaTeX Info: Redefining \> on input line 812.
--------------------------------------
--- Note --- for links into captions, instead of float heads, use the command l
ine option `refcaption'
--------------------------------------

(/usr/share/texlive/texmf-dist/tex/generic/tex4ht/html4.4ht
version 2024-01-30-13:46
)
(/usr/share/texlive/texmf-dist/tex/generic/tex4ht/html4-math.4ht
version 2022-10-25-13:59
)
(/usr/share/texlive/texmf-dist/tex/generic/tex4ht/html4.4ht
version 2024-01-30-13:46
--------------------------------------
--- Note --- For mini tocs immediately aftter the header use the command line o
ption `minitoc<'
--------------------------------------
--------------------------------------
--- Note --- for enumerated list elements with valued data, use the command lin
e option `enumerate+'
--------------------------------------
--------------------------------------
--- Note --- for enumerated list elements li's with value attributes, use the c
ommand line option `enumerate-'
--------------------------------------
--------------------------------------
--- Note --- for CSS2 code, use the command line option `css2'
--------------------------------------
--------------------------------------
--- Note --- for pictorial tabular, use the command line option `pic-tabular'
--------------------------------------
--------------------------------------
--- Note --- for bitmap fbox'es, use the command line option `pic-fbox'
--------------------------------------
--------------------------------------
--- Note --- for bitmap framebox'es, use the command line option `pic-framebox'

--------------------------------------
--------------------------------------
--- Note --- for inline footnotes use command line option `fn-in'
--------------------------------------
--------------------------------------
--- Note --- for tracing of latex font commands, use the command line option `f
onts'
--------------------------------------
--------------------------------------
--- Note --- for width specifications of tabular p entries, use the `p-width' c
ommand line option or a configuration similar to \Configure{HColWidth}{\HCode{ 
style="width:\HColWidth"}}
--------------------------------------
)
(/usr/share/texlive/texmf-dist/tex/generic/tex4ht/html4-math.4ht
version 2022-10-25-13:59
--------------------------------------
--- Note --- for pictorial eqnarray, use the command line option `pic-eqnarray'

--------------------------------------
--------------------------------------
--- Note --- for pictorial array, use the command line option `pic-array'
--------------------------------------
--------------------------------------
--- Note --- for pictorial $...$ environments, use the command line option `pic
-m' (not recommended!!)
--------------------------------------
--------------------------------------
--- Note --- for pictorial $...$ and $$...$$ environments with latex alt, use t
he command line option `pic-m+' (not safe!!)
--------------------------------------
--------------------------------------
--- Note --- for pictorial array, use the command line option `pic-array'
--------------------------------------
))
(/usr/share/texlive/texmf-dist/tex/generic/tex4ht/fontmath.4ht
version 2022-10-25-13:59

(/usr/share/texlive/texmf-dist/tex/generic/tex4ht/html4.4ht
version 2024-01-30-13:46
)
(/usr/share/texlive/texmf-dist/tex/generic/tex4ht/html4-math.4ht
version 2022-10-25-13:59
))
(/usr/share/texlive/texmf-dist/tex/generic/tex4ht/article.4ht
version 2023-04-10-13:46

(/usr/share/texlive/texmf-dist/tex/generic/tex4ht/html4.4ht
version 2024-01-30-13:46
--------------------------------------
--- Note --- for automatic sectioning pagination, use the command line option `
1', `2', `3', '4', '5', '6', or '7'
--------------------------------------
--------------------------------------
--- Note --- for files named derived from section titles, use the command line 
option `sec-filename'
--------------------------------------
--------------------------------------
--- Note --- for i-columns index, use the command line option `index=i' (e.g., 
index=2)
--------------------------------------
)
(/usr/share/texlive/texmf-dist/tex/generic/tex4ht/html4-math.4ht
version 2022-10-25-13:59
))
(/usr/share/texlive/texmf-dist/tex/generic/tex4ht/microtype.4ht
version 2009-05-21-09:32

(/usr/share/texlive/texmf-dist/tex/generic/tex4ht/html4.4ht
version 2024-01-30-13:46
)
(/usr/share/texlive/texmf-dist/tex/generic/tex4ht/html4-math.4ht
version 2022-10-25-13:59
))
(/usr/share/texlive/texmf-dist/tex/generic/tex4ht/graphicx.4ht
version 2022-01-12-13:53

(/usr/share/texlive/texmf-dist/tex/generic/tex4ht/html4.4ht
version 2024-01-30-13:46
)
(/usr/share/texlive/texmf-dist/tex/generic/tex4ht/html4-math.4ht
version 2022-10-25-13:59
))
(/usr/share/texlive/texmf-dist/tex/generic/tex4ht/graphics.4ht
version 2022-03-20-14:29

(/usr/share/texlive/texmf-dist/tex/generic/tex4ht/html4.4ht
version 2024-01-30-13:46
--------------------------------------
--- Note --- if included graphics are of degraded quality, try the command line
 options `graphics-num' or `graphics-'. The `num' should provide the density of
 pixels in the bitmaps (e.g., 110). 
--------------------------------------
--------------------------------------
--- Note --- for setting image dimensions, try the option `Gin-dim'; to use per
cents instead of units, use `Gin-perecent'; for key dimensions when bounding bo
x is unavailable try `Gin-dim+'; neither is recommended
--------------------------------------
)
(/usr/share/texlive/texmf-dist/tex/generic/tex4ht/html4-math.4ht
version 2022-10-25-13:59
))
(/usr/share/texlive/texmf-dist/tex/generic/tex4ht/dvips.4ht
version 2009-05-21-09:32

(/usr/share/texlive/texmf-dist/tex/generic/tex4ht/html4.4ht
version 2024-01-30-13:46
)
(/usr/share/texlive/texmf-dist/tex/generic/tex4ht/html4-math.4ht
version 2022-10-25-13:59
))
(/usr/share/texlive/texmf-dist/tex/generic/tex4ht/svg.4ht
version 2021-04-18-08:39

(/usr/share/texlive/texmf-dist/tex/generic/tex4ht/html4.4ht
version 2024-01-30-13:46
)
(/usr/share/texlive/texmf-dist/tex/generic/tex4ht/html4-math.4ht
version 2022-10-25-13:59
))
(/usr/share/texlive/texmf-dist/tex/generic/tex4ht/xcolor.4ht
version 2023-12-03-13:24

(/usr/share/texlive/texmf-dist/tex/generic/tex4ht/color.4ht
version 2022-02-01-14:27

(/usr/share/texlive/texmf-dist/tex/generic/tex4ht/html4.4ht
version 2024-01-30-13:46
)
(/usr/share/texlive/texmf-dist/tex/generic/tex4ht/html4-math.4ht
version 2022-10-25-13:59
))
(/usr/share/texlive/texmf-dist/tex/generic/tex4ht/html4.4ht
version 2024-01-30-13:46
)
(/usr/share/texlive/texmf-dist/tex/generic/tex4ht/html4-math.4ht
version 2022-10-25-13:59
))
(/usr/share/texlive/texmf-dist/tex/generic/tex4ht/color.4ht
version 2022-02-01-14:27
)
(/usr/share/texlive/texmf-dist/tex/generic/tex4ht/transparent.4ht
version 2023-10-13-14:15

(/usr/share/texlive/texmf-dist/tex/generic/tex4ht/html4.4ht
version 2024-01-30-13:46
)
(/usr/share/texlive/texmf-dist/tex/generic/tex4ht/html4-math.4ht
version 2022-10-25-13:59
))
(/usr/share/texlive/texmf-dist/tex/generic/tex4ht/pgf.4ht
version 2009-05-21-09:32

(/usr/share/texlive/texmf-dist/tex/generic/tex4ht/html4.4ht
version 2024-01-30-13:46
)
(/usr/share/texlive/texmf-dist/tex/generic/tex4ht/html4-math.4ht
version 2022-10-25-13:59
))
(/usr/share/texlive/texmf-dist/tex/generic/tex4ht/subcaption.4ht
version 2023-06-08-13:14

(/usr/share/texlive/texmf-dist/tex/generic/tex4ht/html4.4ht
version 2024-01-30-13:46
)
(/usr/share/texlive/texmf-dist/tex/generic/tex4ht/html4-math.4ht
version 2022-10-25-13:59
))
(/usr/share/texlive/texmf-dist/tex/generic/tex4ht/caption.4ht
version 2022-11-22-14:29

(/usr/share/texlive/texmf-dist/tex/generic/tex4ht/html4.4ht
version 2024-01-30-13:46
)
(/usr/share/texlive/texmf-dist/tex/generic/tex4ht/html4-math.4ht
version 2022-10-25-13:59
))
(/usr/share/texlive/texmf-dist/tex/generic/tex4ht/booktabs.4ht
version 2009-05-21-09:32

(/usr/share/texlive/texmf-dist/tex/generic/tex4ht/html4.4ht
version 2024-01-30-13:46
)
(/usr/share/texlive/texmf-dist/tex/generic/tex4ht/html4-math.4ht
version 2022-10-25-13:59
))
(/usr/share/texlive/texmf-dist/tex/generic/tex4ht/multirow.4ht
version 2021-06-20-09:36

(/usr/share/texlive/texmf-dist/tex/generic/tex4ht/html4.4ht
version 2024-01-30-13:46
)
(/usr/share/texlive/texmf-dist/tex/generic/tex4ht/html4-math.4ht
version 2022-10-25-13:59
))
(/usr/share/texlive/texmf-dist/tex/generic/tex4ht/amsmath.4ht
version 2023-08-13-13:20
\tmp:muskip=\muskip18

(/usr/share/texlive/texmf-dist/tex/generic/tex4ht/html4.4ht
version 2024-01-30-13:46
)
(/usr/share/texlive/texmf-dist/tex/generic/tex4ht/html4-math.4ht
version 2022-10-25-13:59
LaTeX Info: Redefining \[ on input line 507.
LaTeX Info: Redefining \] on input line 507.
))
(/usr/share/texlive/texmf-dist/tex/generic/tex4ht/amstext.4ht
version 2009-05-21-09:32

(/usr/share/texlive/texmf-dist/tex/generic/tex4ht/html4.4ht
version 2024-01-30-13:46
)
(/usr/share/texlive/texmf-dist/tex/generic/tex4ht/html4-math.4ht
version 2022-10-25-13:59
))
(/usr/share/texlive/texmf-dist/tex/generic/tex4ht/amsbsy.4ht
version 2009-05-21-09:32

(/usr/share/texlive/texmf-dist/tex/generic/tex4ht/html4.4ht
version 2024-01-30-13:46
)
(/usr/share/texlive/texmf-dist/tex/generic/tex4ht/html4-math.4ht
version 2022-10-25-13:59
))
(/usr/share/texlive/texmf-dist/tex/generic/tex4ht/amsopn.4ht
version 2009-05-21-09:32

(/usr/share/texlive/texmf-dist/tex/generic/tex4ht/html4.4ht
version 2024-01-30-13:46
)
(/usr/share/texlive/texmf-dist/tex/generic/tex4ht/html4-math.4ht
version 2022-10-25-13:59
))
(/usr/share/texlive/texmf-dist/tex/generic/tex4ht/amsfonts.4ht
version 2009-05-21-09:32

(/usr/share/texlive/texmf-dist/tex/generic/tex4ht/html4.4ht
version 2024-01-30-13:46
)
(/usr/share/texlive/texmf-dist/tex/generic/tex4ht/html4-math.4ht
version 2022-10-25-13:59
))
(/usr/share/texlive/texmf-dist/tex/generic/tex4ht/bm.4ht
version 2009-05-21-09:32

(/usr/share/texlive/texmf-dist/tex/generic/tex4ht/html4.4ht
version 2024-01-30-13:46
)
(/usr/share/texlive/texmf-dist/tex/generic/tex4ht/html4-math.4ht
version 2022-10-25-13:59
))
(/usr/share/texlive/texmf-dist/tex/generic/tex4ht/amsthm.4ht
version 2009-05-21-09:32

(/usr/share/texlive/texmf-dist/tex/generic/tex4ht/html4.4ht
version 2024-01-30-13:46
)
(/usr/share/texlive/texmf-dist/tex/generic/tex4ht/html4-math.4ht
version 2022-10-25-13:59
))
(/usr/share/texlive/texmf-dist/tex/generic/tex4ht/hyperref.4ht
version 2024-01-16-13:47
LaTeX Info: Redefining \autoref on input line 88.
\Hy@SectionHShift=\skip84

(/usr/share/texlive/texmf-dist/tex/generic/tex4ht/html4.4ht
version 2024-01-30-13:46
)
(/usr/share/texlive/texmf-dist/tex/generic/tex4ht/html4-math.4ht
version 2022-10-25-13:59
))
(/usr/share/texlive/texmf-dist/tex/generic/tex4ht/nameref.4ht
version 2022-12-30-15:46

(/usr/share/texlive/texmf-dist/tex/generic/tex4ht/html4.4ht
version 2024-01-30-13:46
)
(/usr/share/texlive/texmf-dist/tex/generic/tex4ht/html4-math.4ht
version 2022-10-25-13:59
))
(/usr/share/texlive/texmf-dist/tex/generic/tex4ht/pd1enc.4ht
version 2009-05-21-09:32

(/usr/share/texlive/texmf-dist/tex/generic/tex4ht/html4.4ht
version 2024-01-30-13:46
)
(/usr/share/texlive/texmf-dist/tex/generic/tex4ht/html4-math.4ht
version 2022-10-25-13:59
))
(/usr/share/texlive/texmf-dist/tex/generic/tex4ht/url.4ht
version 2023-02-19-10:11

(/usr/share/texlive/texmf-dist/tex/generic/tex4ht/html4.4ht
version 2024-01-30-13:46
--------------------------------------
--- Note --- for URL encoding within href use the command line option `url-enc'

--------------------------------------
)
(/usr/share/texlive/texmf-dist/tex/generic/tex4ht/html4-math.4ht
version 2022-10-25-13:59
))
(/usr/share/texlive/texmf-dist/tex/generic/tex4ht/array.4ht
version 2023-11-12-08:00

(/usr/share/texlive/texmf-dist/tex/generic/tex4ht/html4.4ht
version 2024-01-30-13:46
)
(/usr/share/texlive/texmf-dist/tex/generic/tex4ht/html4-math.4ht
version 2022-10-25-13:59
--------------------------------------
--- Note --- for pictorial array, use the command line option `pic-array'
--------------------------------------
))
(/usr/share/texlive/texmf-dist/tex/generic/tex4ht/algorithm.4ht
version 2009-05-21-09:32

(/usr/share/texlive/texmf-dist/tex/generic/tex4ht/html4.4ht
version 2024-01-30-13:46
)
(/usr/share/texlive/texmf-dist/tex/generic/tex4ht/html4-math.4ht
version 2022-10-25-13:59
))
(/usr/share/texlive/texmf-dist/tex/generic/tex4ht/float.4ht
version 2009-05-21-09:32

(/usr/share/texlive/texmf-dist/tex/generic/tex4ht/html4.4ht
version 2024-01-30-13:46
)
(/usr/share/texlive/texmf-dist/tex/generic/tex4ht/html4-math.4ht
version 2022-10-25-13:59
))
(/usr/share/texlive/texmf-dist/tex/generic/tex4ht/ifthen.4ht
version 2022-06-08-14:13

(/usr/share/texlive/texmf-dist/tex/generic/tex4ht/html4.4ht
version 2024-01-30-13:46
)
(/usr/share/texlive/texmf-dist/tex/generic/tex4ht/html4-math.4ht
version 2022-10-25-13:59
))
(/usr/share/texlive/texmf-dist/tex/generic/tex4ht/algorithmic.4ht
version 2009-05-21-09:32

(/usr/share/texlive/texmf-dist/tex/generic/tex4ht/html4.4ht
version 2024-01-30-13:46
)
(/usr/share/texlive/texmf-dist/tex/generic/tex4ht/html4-math.4ht
version 2022-10-25-13:59
))
(/usr/share/texlive/texmf-dist/tex/generic/tex4ht/natbib.4ht
version 2021-06-27-08:11

(/usr/share/texlive/texmf-dist/tex/generic/tex4ht/html4.4ht
version 2024-01-30-13:46
)
(/usr/share/texlive/texmf-dist/tex/generic/tex4ht/html4-math.4ht
version 2022-10-25-13:59
))
(/usr/share/texlive/texmf-dist/tex/generic/tex4ht/amssymb.4ht
version 2009-05-21-09:32

(/usr/share/texlive/texmf-dist/tex/generic/tex4ht/html4.4ht
version 2024-01-30-13:46
)
(/usr/share/texlive/texmf-dist/tex/generic/tex4ht/html4-math.4ht
version 2022-10-25-13:59
))
(/usr/share/texlive/texmf-dist/tex/generic/tex4ht/enumitem.4ht
version 2023-12-17-13:16

(/usr/share/texlive/texmf-dist/tex/generic/tex4ht/html4.4ht
version 2024-01-30-13:46
)
(/usr/share/texlive/texmf-dist/tex/generic/tex4ht/html4-math.4ht
version 2022-10-25-13:59
))
(/usr/share/texlive/texmf-dist/tex/generic/tex4ht/dsfont.4ht
version 2009-05-21-09:32

(/usr/share/texlive/texmf-dist/tex/generic/tex4ht/html4.4ht
version 2024-01-30-13:46
)
(/usr/share/texlive/texmf-dist/tex/generic/tex4ht/html4-math.4ht
version 2022-10-25-13:59
))
(/usr/share/texlive/texmf-dist/tex/generic/tex4ht/html4.4ht
version 2024-01-30-13:46
)
(/usr/share/texlive/texmf-dist/tex/generic/tex4ht/html4-math.4ht
version 2022-10-25-13:59
))
LaTeX Font Info:    Trying to load font information for OT1+ptm on input line 4
7.

(/usr/share/texlive/texmf-dist/tex/latex/psnfss/ot1ptm.fd
File: ot1ptm.fd 2001/06/04 font definitions for OT1/ptm.
)
(/usr/share/texlive/texmf-dist/tex/latex/l3backend/l3backend-dvips.def
File: l3backend-dvips.def 2024-01-04 L3 backend support: dvips
\l__pdf_internal_box=\box77
\g__pdf_backend_object_int=\count352
\l__pdf_backend_content_box=\box78
\l__pdf_backend_model_box=\box79
\g__pdf_backend_annotation_int=\count353
\g__pdf_backend_link_int=\count354
\g__pdf_backend_link_sf_int=\count355
)
(./output.aux)
\openout1 = `output.aux'.

LaTeX Font Info:    Checking defaults for OML/cmm/m/it on input line 47.
LaTeX Font Info:    ... okay on input line 47.
LaTeX Font Info:    Checking defaults for OMS/cmsy/m/n on input line 47.
LaTeX Font Info:    ... okay on input line 47.
LaTeX Font Info:    Checking defaults for OT1/cmr/m/n on input line 47.
LaTeX Font Info:    ... okay on input line 47.
LaTeX Font Info:    Checking defaults for T1/cmr/m/n on input line 47.
LaTeX Font Info:    ... okay on input line 47.
LaTeX Font Info:    Checking defaults for TS1/cmr/m/n on input line 47.
LaTeX Font Info:    ... okay on input line 47.
LaTeX Font Info:    Checking defaults for OMX/cmex/m/n on input line 47.
LaTeX Font Info:    ... okay on input line 47.
LaTeX Font Info:    Checking defaults for U/cmr/m/n on input line 47.
LaTeX Font Info:    ... okay on input line 47.
LaTeX Font Info:    Checking defaults for PD1/pdf/m/n on input line 47.
LaTeX Font Info:    ... okay on input line 47.
LaTeX Font Info:    Checking defaults for PU/pdf/m/n on input line 47.
LaTeX Font Info:    ... okay on input line 47.
LaTeX Info: Redefining \microtypecontext on input line 47.
Package microtype Info: Not applying patch `item' (for tex4ht) on input line 47
.
Package microtype Info: Not applying patch `toc' (for tex4ht) on input line 47.

Package microtype Info: Not applying patch `eqnum' (for tex4ht) on input line 4
7.
Package microtype Info: Not applying patch `footnote' (for tex4ht) on input lin
e 47.
Package microtype Info: Not applying patch `verbatim' (for tex4ht) on input lin
e 47.
Package microtype Info: Generating DVI output.
Package microtype Info: No character protrusion.
Package microtype Info: No font expansion.
Package microtype Info: No adjustment of tracking.
Package microtype Info: No adjustment of interword spacing.
Package microtype Info: No adjustment of character kerning.
Package caption Info: Begin \AtBeginDocument code.
Package caption Info: End \AtBeginDocument code.
Package hyperref Info: Link coloring ON on input line 47.
--- file output.css ---
 [1



]
\c@@affilfiu=\count356
\c@@affilnjit=\count357
\c@@affiluh=\count358
\c@@affilvisa=\count359
\c@@affilamzs=\count360
\c@@affilasu=\count361
LaTeX Font Info:    Trying to load font information for OML+ptm on input line 8
3.
 (/usr/share/texlive/texmf-dist/tex/latex/psnfss/omlptm.fd
File: omlptm.fd 
)
LaTeX Font Info:    Font shape `OML/ptm/m/n' in size <9> not available
(Font)              Font shape `OML/cmm/m/it' tried instead on input line 83.
LaTeX Font Info:    Trying to load font information for U+msa on input line 83.


(/usr/share/texlive/texmf-dist/tex/latex/amsfonts/umsa.fd
File: umsa.fd 2013/01/14 v3.01 AMS symbols A
)
LaTeX Font Info:    Trying to load font information for U+msb on input line 83.


(/usr/share/texlive/texmf-dist/tex/latex/amsfonts/umsb.fd
File: umsb.fd 2013/01/14 v3.01 AMS symbols B
)
(./1_introduction.tex [2

] [3

] [4


]
l.11 --- TeX4ht warning --- File `"figures/image1.xbb"' not found ---
l.11 --- TeX4ht warning --- Cannot determine size of graphic in "figures/image1
.xbb" (no BoundingBox) ---
l. 11 --- needs --- figures/image1.png ---
l.20 --- TeX4ht warning --- File `"figures/image2.xbb"' not found ---
l.20 --- TeX4ht warning --- Cannot determine size of graphic in "figures/image2
.xbb" (no BoundingBox) ---
l. 20 --- needs --- figures/image2.png ---
LaTeX Font Info:    Trying to load font information for OT1+pcr on input line 2
4.
(/usr/share/texlive/texmf-dist/tex/latex/psnfss/ot1pcr.fd
File: ot1pcr.fd 2001/06/04 font definitions for OT1/pcr.
) [5


]
LaTeX Font Info:    Trying to load font information for TS1+ptm on input line 3
8.

(/usr/share/texlive/texmf-dist/tex/latex/psnfss/ts1ptm.fd
File: ts1ptm.fd 2001/06/04 font definitions for TS1/ptm.
)) (./2_method.tex
l. 6 Writing output.idv[1] (output0x.png)
l. 6 Writing output.idv[2] (output1x.png)

[6

]
l. 11 Writing output.idv[3] (output2x.png)
l. 17 Writing output.idv[4] (output3x.png)
l. 24 Writing output.idv[5] (output4x.png)
l. 29 Writing output.idv[6] (output5x.png)
 [7]
l. 44 Writing output.idv[7] (output6x.png)
l. 47 Writing output.idv[8] (output7x.png)
l. 53 Writing output.idv[9] (output8x.png)
l. 53 Writing output.idv[10] (output9x.png)
l. 53 Writing output.idv[11] (output10x.png)
l. 54 Writing output.idv[12] (output11x.png)
l. 59 Writing output.idv[13] (output12x.png)
l. 59 Writing output.idv[14] (output13x.png)
l. 59 Writing output.idv[15] (output14x.png)
l. 60 Writing output.idv[16] (output15x.png)
 [8]
l. 66 Writing output.idv[17] (output16x.png)
l. 71 Writing output.idv[18] (output17x.png)
l. 71 Writing output.idv[19] (output18x.png)
l. 74 Writing output.idv[20] (output19x.png)
l. 83 Writing output.idv[21] (output20x.png)
l. 86 Writing output.idv[22] (output21x.png)
l. 100 Writing output.idv[23] (output22x.png)
 [9]
l. 111 Writing output.idv[24] (output23x.png)
l. 124 Writing output.idv[25] (output24x.png)
l. 125 Writing output.idv[26] (output25x.png)
l. 127 Writing output.idv[27] (output26x.png)
l. 130 Writing output.idv[28] (output27x.png)
l. 130 Writing output.idv[29] (output28x.png)
l. 132 Writing output.idv[30] (output29x.png)
l. 132 Writing output.idv[31] (output30x.png)
 [10] [11


]
l.140 --- TeX4ht warning --- File `"figures/model.xbb"' not found ---
l.140 --- TeX4ht warning --- Cannot determine size of graphic in "figures/model
.xbb" (no BoundingBox) ---
l. 140 --- needs --- figures/model.png ---
[12


]
l. 150 Writing output.idv[32] (output31x.png)
l. 157 Writing output.idv[33] (output32x.png)
l. 161 Writing output.idv[34] (output33x.png)
l. 165 Writing output.idv[35] (output34x.png)
 [13

]
l. 169 Writing output.idv[36] (output35x.png)
l. 177 Writing output.idv[37] (output36x.png)
l. 183 Writing output.idv[38] (output37x.png)
l. 184 Writing output.idv[39] (output38x.png)
l. 193 Writing output.idv[40] (output39x.png)
l. 199 Writing output.idv[41] (output40x.png)
) (./4_relatedwork.tex [14]) (./5_exp.tex [15

] [16


] [17


] [18


] [19


]
[20


] [21


] [22


] [23


] [24

] [25

] [26


] [27


] [28


] [29


]
l.143 --- TeX4ht warning --- File `"figures/ablation_sample.xbb"' not found ---

l.143 --- TeX4ht warning --- Cannot determine size of graphic in "figures/ablat
ion_sample.xbb" (no BoundingBox) ---
l. 143 --- needs --- figures/ablation_sample.png ---
[30


] [31


] [32


]
l.155 --- TeX4ht warning --- File `"figures/figure6.xbb"' not found ---
l.155 --- TeX4ht warning --- Cannot determine size of graphic in "figures/figur
e6.xbb" (no BoundingBox) ---
l. 155 --- needs --- figures/figure6.png ---
l.160 --- TeX4ht warning --- File `"figures/figure7.xbb"' not found ---
l.160 --- TeX4ht warning --- Cannot determine size of graphic in "figures/figur
e7.xbb" (no BoundingBox) ---
l. 160 --- needs --- figures/figure7.png ---
l.165 --- TeX4ht warning --- File `"figures/figure8.xbb"' not found ---
l.165 --- TeX4ht warning --- Cannot determine size of graphic in "figures/figur
e8.xbb" (no BoundingBox) ---
l. 165 --- needs --- figures/figure8.png ---
l.170 --- TeX4ht warning --- File `"figures/figure9.xbb"' not found ---
l.170 --- TeX4ht warning --- Cannot determine size of graphic in "figures/figur
e9.xbb" (no BoundingBox) ---
l. 170 --- needs --- figures/figure9.png ---
l.175 --- TeX4ht warning --- File `"figures/figure10.xbb"' not found ---
l.175 --- TeX4ht warning --- Cannot determine size of graphic in "figures/figur
e10.xbb" (no BoundingBox) ---
l. 175 --- needs --- figures/figure10.png ---

Package caption Warning: Ambiguous sub-caption(s), use \nextfloat on input line
 178.
See the caption package documentation for explanation.

[33


] [34


] [35


]
l.187 --- TeX4ht warning --- File `"figures/ba2_graph0.xbb"' not found ---
l.187 --- TeX4ht warning --- Cannot determine size of graphic in "figures/ba2_g
raph0.xbb" (no BoundingBox) ---
l. 187 --- needs --- figures/ba2_graph0.png ---
l.192 --- TeX4ht warning --- File `"figures/ba2_graph1.xbb"' not found ---
l.192 --- TeX4ht warning --- Cannot determine size of graphic in "figures/ba2_g
raph1.xbb" (no BoundingBox) ---
l. 192 --- needs --- figures/ba2_graph1.png ---
l.197 --- TeX4ht warning --- File `"figures/ba2_graph2.xbb"' not found ---
l.197 --- TeX4ht warning --- Cannot determine size of graphic in "figures/ba2_g
raph2.xbb" (no BoundingBox) ---
l. 197 --- needs --- figures/ba2_graph2.png ---
l.202 --- TeX4ht warning --- File `"figures/ba2_graph3.xbb"' not found ---
l.202 --- TeX4ht warning --- Cannot determine size of graphic in "figures/ba2_g
raph3.xbb" (no BoundingBox) ---
l. 202 --- needs --- figures/ba2_graph3.png ---
l.207 --- TeX4ht warning --- File `"figures/ba2_graph4.xbb"' not found ---
l.207 --- TeX4ht warning --- Cannot determine size of graphic in "figures/ba2_g
raph4.xbb" (no BoundingBox) ---
l. 207 --- needs --- figures/ba2_graph4.png ---

Package caption Warning: Ambiguous sub-caption(s), use \nextfloat on input line
 210.
See the caption package documentation for explanation.

[36


]) (./6_conclusion.tex) (./output.bbl [37

] [38] [39]) [40

]
(./appendix/1_algorithm.tex [41

] [42

]
l. 23 Writing output.idv[42] (output41x.png)
l. 24 Writing output.idv[43] (output42x.png)
l. 33 Writing output.idv[44] (output43x.png)
l. 37 Writing output.idv[45] (output44x.png)
l. 37 Writing output.idv[46] (output45x.png)
l. 44 Writing output.idv[47] (output46x.png)
 [43

]
l. 58 Writing output.idv[48] (output47x.png)


LaTeX Warning: Command \textquoteright invalid in math mode on input line 58.

l. 58 Writing output.idv[49] (output48x.png)
l. 58 Writing output.idv[50] (output49x.png)
l. 58 Writing output.idv[51] (output50x.png)
l. 58 Writing output.idv[52] (output51x.png)
l. 58 Writing output.idv[53] (output52x.png)
l. 58 Writing output.idv[54] (output53x.png)
l. 58 Writing output.idv[55] (output54x.png)
l. 58 Writing output.idv[56] (output55x.png)
l. 58 Writing output.idv[57] (output56x.png)
[44

] [45

]
l. 74 Writing output.idv[58] (output57x.png)
l. 75 Writing output.idv[59] (output58x.png)
 [46

]) (./appendix/3_setup.tex [47

] [48

]
l.32 --- TeX4ht warning --- File `"figures/mutag_ori.xbb"' not found ---
l.32 --- TeX4ht warning --- Cannot determine size of graphic in "figures/mutag_
ori.xbb" (no BoundingBox) ---
l. 32 --- needs --- figures/mutag_ori.png ---
l.32 --- TeX4ht warning --- File `"figures/ben_ori.xbb"' not found ---
l.32 --- TeX4ht warning --- Cannot determine size of graphic in "figures/ben_or
i.xbb" (no BoundingBox) ---
l. 32 --- needs --- figures/ben_ori.png ---
l.32 --- TeX4ht warning --- File `"figures/ac_ori.xbb"' not found ---
l.32 --- TeX4ht warning --- Cannot determine size of graphic in "figures/ac_ori
.xbb" (no BoundingBox) ---
l. 32 --- needs --- figures/ac_ori.png ---
l.32 --- TeX4ht warning --- File `"figures/fc_ori.xbb"' not found ---
l.32 --- TeX4ht warning --- Cannot determine size of graphic in "figures/fc_ori
.xbb" (no BoundingBox) ---
l. 32 --- needs --- figures/fc_ori.png ---
l.32 --- TeX4ht warning --- File `"figures/ba_ori.xbb"' not found ---
l.32 --- TeX4ht warning --- Cannot determine size of graphic in "figures/ba_ori
.xbb" (no BoundingBox) ---
l. 32 --- needs --- figures/ba_ori.png ---
l.33 --- TeX4ht warning --- File `"figures/mutag_exp.xbb"' not found ---
l.33 --- TeX4ht warning --- Cannot determine size of graphic in "figures/mutag_
exp.xbb" (no BoundingBox) ---
l. 33 --- needs --- figures/mutag_exp.png ---
l.33 --- TeX4ht warning --- File `"figures/ben_exp.xbb"' not found ---
l.33 --- TeX4ht warning --- Cannot determine size of graphic in "figures/ben_ex
p.xbb" (no BoundingBox) ---
l. 33 --- needs --- figures/ben_exp.png ---
l.33 --- TeX4ht warning --- File `"figures/ac_exp.xbb"' not found ---
l.33 --- TeX4ht warning --- Cannot determine size of graphic in "figures/ac_exp
.xbb" (no BoundingBox) ---
l. 33 --- needs --- figures/ac_exp.png ---
l.33 --- TeX4ht warning --- File `"figures/fc_exp.xbb"' not found ---
l.33 --- TeX4ht warning --- Cannot determine size of graphic in "figures/fc_exp
.xbb" (no BoundingBox) ---
l. 33 --- needs --- figures/fc_exp.png ---
l.33 --- TeX4ht warning --- File `"figures/ba_exp.xbb"' not found ---
l.33 --- TeX4ht warning --- Cannot determine size of graphic in "figures/ba_exp
.xbb" (no BoundingBox) ---
l. 33 --- needs --- figures/ba_exp.png ---
[49

] [50

] [51

] [52

]) (./appendix/4_fullexp.tex
l. 4 Writing output.idv[60] (output59x.png)
l. 4 Writing output.idv[61] (output60x.png)
 [53

] [54] [55

]
l. 10 Writing output.idv[62] (output61x.png)
l. 10 Writing output.idv[63] (output62x.png)
l. 15 Writing output.idv[64] (output63x.png)
l. 18 Writing output.idv[65] (output64x.png)
 [56

] [57

]
[58

]
l.33 --- TeX4ht warning --- File `"figures/ablation_sample_MUTAG.xbb"' not foun
d ---
l.33 --- TeX4ht warning --- Cannot determine size of graphic in "figures/ablati
on_sample_MUTAG.xbb" (no BoundingBox) ---
l. 33 --- needs --- figures/ablation_sample_MUTAG.png ---
l.39 --- TeX4ht warning --- File `"figures/ablation_sample_Benzene.xbb"' not fo
und ---
l.39 --- TeX4ht warning --- Cannot determine size of graphic in "figures/ablati
on_sample_Benzene.xbb" (no BoundingBox) ---
l. 39 --- needs --- figures/ablation_sample_Benzene.png ---
l.45 --- TeX4ht warning --- File `"figures/ablation_sample_Alkane-Carbonyl.xbb"
' not found ---
l.45 --- TeX4ht warning --- Cannot determine size of graphic in "figures/ablati
on_sample_Alkane-Carbonyl.xbb" (no BoundingBox) ---
l. 45 --- needs --- figures/ablation_sample_Alkane-Carbonyl.png ---
l.51 --- TeX4ht warning --- File `"figures/ablation_sample_Fluoride-Carbonyl.xb
b"' not found ---
l.51 --- TeX4ht warning --- Cannot determine size of graphic in "figures/ablati
on_sample_Fluoride-Carbonyl.xbb" (no BoundingBox) ---
l. 51 --- needs --- figures/ablation_sample_Fluoride-Carbonyl.png ---
l.57 --- TeX4ht warning --- File `"figures/ablation_sample_BA-2motifs.xbb"' not
 found ---
l.57 --- TeX4ht warning --- Cannot determine size of graphic in "figures/ablati
on_sample_BA-2motifs.xbb" (no BoundingBox) ---
l. 57 --- needs --- figures/ablation_sample_BA-2motifs.png ---
l.63 --- TeX4ht warning --- File `"figures/ablation_sample_BA-3motifs.xbb"' not
 found ---
l.63 --- TeX4ht warning --- Cannot determine size of graphic in "figures/ablati
on_sample_BA-3motifs.xbb" (no BoundingBox) ---
l. 63 --- needs --- figures/ablation_sample_BA-3motifs.png ---

Package caption Warning: Ambiguous sub-caption(s), use \nextfloat on input line
 67.
See the caption package documentation for explanation.

[59

] [60

] [61

]
l.81 --- TeX4ht warning --- File `"figures/ginauc.xbb"' not found ---
l.81 --- TeX4ht warning --- Cannot determine size of graphic in "figures/ginauc
.xbb" (no BoundingBox) ---
l. 81 --- needs --- figures/ginauc.png ---
[62

] [63

] [64

]
l.90 --- TeX4ht warning --- File `"figures/GINvae_ac.xbb"' not found ---
l.90 --- TeX4ht warning --- Cannot determine size of graphic in "figures/GINvae
_ac.xbb" (no BoundingBox) ---
l. 90 --- needs --- figures/GINvae_ac.png ---
l.97 --- TeX4ht warning --- File `"figures/GINvae_fc.xbb"' not found ---
l.97 --- TeX4ht warning --- Cannot determine size of graphic in "figures/GINvae
_fc.xbb" (no BoundingBox) ---
l. 97 --- needs --- figures/GINvae_fc.png ---
l.104 --- TeX4ht warning --- File `"figures/GINvae_ba2.xbb"' not found ---
l.104 --- TeX4ht warning --- Cannot determine size of graphic in "figures/GINva
e_ba2.xbb" (no BoundingBox) ---
l. 104 --- needs --- figures/GINvae_ba2.png ---
l.111 --- TeX4ht warning --- File `"figures/GINvae_ba3.xbb"' not found ---
l.111 --- TeX4ht warning --- Cannot determine size of graphic in "figures/GINva
e_ba3.xbb" (no BoundingBox) ---
l. 111 --- needs --- figures/GINvae_ba3.png ---

Package caption Warning: Ambiguous sub-caption(s), use \nextfloat on input line
 116.
See the caption package documentation for explanation.

[65

]
LaTeX Font Info:    Trying to load font information for OMS+ptm on input line 1
21.
 (/usr/share/texlive/texmf-dist/tex/latex/psnfss/omsptm.fd
File: omsptm.fd 
)
LaTeX Font Info:    Font shape `OMS/ptm/m/n' in size <10> not available
(Font)              Font shape `OMS/cmsy/m/n' tried instead on input line 121.
 [66

] [67

]
l.130 --- TeX4ht warning --- File `"figures/mutag_parameter_lambda.xbb"' not fo
und ---
l.130 --- TeX4ht warning --- Cannot determine size of graphic in "figures/mutag
_parameter_lambda.xbb" (no BoundingBox) ---
l. 130 --- needs --- figures/mutag_parameter_lambda.png ---
l.137 --- TeX4ht warning --- File `"figures/ac_parameter_lambda.xbb"' not found
 ---
l.137 --- TeX4ht warning --- Cannot determine size of graphic in "figures/ac_pa
rameter_lambda.xbb" (no BoundingBox) ---
l. 137 --- needs --- figures/ac_parameter_lambda.png ---
l.145 --- TeX4ht warning --- File `"figures/ba2_parameter_lambda.xbb"' not foun
d ---
l.145 --- TeX4ht warning --- Cannot determine size of graphic in "figures/ba2_p
arameter_lambda.xbb" (no BoundingBox) ---
l. 145 --- needs --- figures/ba2_parameter_lambda.png ---
l.152 --- TeX4ht warning --- File `"figures/ba3_parameter_lambda.xbb"' not foun
d ---
l.152 --- TeX4ht warning --- Cannot determine size of graphic in "figures/ba3_p
arameter_lambda.xbb" (no BoundingBox) ---
l. 152 --- needs --- figures/ba3_parameter_lambda.png ---

Package caption Warning: Ambiguous sub-caption(s), use \nextfloat on input line
 156.
See the caption package documentation for explanation.

l. 156 Writing output.idv[66] (output65x.png)
l. 156 Writing output.idv[67] (output66x.png)
[68

] [69

] [70

]
l.165 --- TeX4ht warning --- File `"figures/mutag_parameter_d.xbb"' not found -
--
l.165 --- TeX4ht warning --- Cannot determine size of graphic in "figures/mutag
_parameter_d.xbb" (no BoundingBox) ---
l. 165 --- needs --- figures/mutag_parameter_d.png ---
l.172 --- TeX4ht warning --- File `"figures/ac_parameter_d.xbb"' not found ---
l.172 --- TeX4ht warning --- Cannot determine size of graphic in "figures/ac_pa
rameter_d.xbb" (no BoundingBox) ---
l. 172 --- needs --- figures/ac_parameter_d.png ---
l.181 --- TeX4ht warning --- File `"figures/ba2_parameter_d.xbb"' not found ---

l.181 --- TeX4ht warning --- Cannot determine size of graphic in "figures/ba2_p
arameter_d.xbb" (no BoundingBox) ---
l. 181 --- needs --- figures/ba2_parameter_d.png ---
l.188 --- TeX4ht warning --- File `"figures/ba3_parameter_d.xbb"' not found ---

l.188 --- TeX4ht warning --- Cannot determine size of graphic in "figures/ba3_p
arameter_d.xbb" (no BoundingBox) ---
l. 188 --- needs --- figures/ba3_parameter_d.png ---

Package caption Warning: Ambiguous sub-caption(s), use \nextfloat on input line
 193.
See the caption package documentation for explanation.

l. 193 Writing output.idv[68] (output67x.png)
l. 193 Writing output.idv[69] (output68x.png)
[71

] [72

] [73] [74

]
l.216 --- TeX4ht warning --- File `"figures/ba2_graph6.xbb"' not found ---
l.216 --- TeX4ht warning --- Cannot determine size of graphic in "figures/ba2_g
raph6.xbb" (no BoundingBox) ---
l. 216 --- needs --- figures/ba2_graph6.png ---
l.216 --- TeX4ht warning --- File `"figures/ba2_graph7.xbb"' not found ---
l.216 --- TeX4ht warning --- Cannot determine size of graphic in "figures/ba2_g
raph7.xbb" (no BoundingBox) ---
l. 216 --- needs --- figures/ba2_graph7.png ---
l.216 --- TeX4ht warning --- File `"figures/ba2_graph8.xbb"' not found ---
l.216 --- TeX4ht warning --- Cannot determine size of graphic in "figures/ba2_g
raph8.xbb" (no BoundingBox) ---
l. 216 --- needs --- figures/ba2_graph8.png ---
l.216 --- TeX4ht warning --- File `"figures/ba2_graph9.xbb"' not found ---
l.216 --- TeX4ht warning --- Cannot determine size of graphic in "figures/ba2_g
raph9.xbb" (no BoundingBox) ---
l. 216 --- needs --- figures/ba2_graph9.png ---
l.216 --- TeX4ht warning --- File `"figures/ba2_graph10.xbb"' not found ---
l.216 --- TeX4ht warning --- Cannot determine size of graphic in "figures/ba2_g
raph10.xbb" (no BoundingBox) ---
l. 216 --- needs --- figures/ba2_graph10.png ---
l.227 --- TeX4ht warning --- File `"figures/ba2_graph11.xbb"' not found ---
l.227 --- TeX4ht warning --- Cannot determine size of graphic in "figures/ba2_g
raph11.xbb" (no BoundingBox) ---
l. 227 --- needs --- figures/ba2_graph11.png ---
l.227 --- TeX4ht warning --- File `"figures/ba2_graph12.xbb"' not found ---
l.227 --- TeX4ht warning --- Cannot determine size of graphic in "figures/ba2_g
raph12.xbb" (no BoundingBox) ---
l. 227 --- needs --- figures/ba2_graph12.png ---
l.227 --- TeX4ht warning --- File `"figures/ba2_graph13.xbb"' not found ---
l.227 --- TeX4ht warning --- Cannot determine size of graphic in "figures/ba2_g
raph13.xbb" (no BoundingBox) ---
l. 227 --- needs --- figures/ba2_graph13.png ---
l.227 --- TeX4ht warning --- File `"figures/ba2_graph14.xbb"' not found ---
l.227 --- TeX4ht warning --- Cannot determine size of graphic in "figures/ba2_g
raph14.xbb" (no BoundingBox) ---
l. 227 --- needs --- figures/ba2_graph14.png ---
l.227 --- TeX4ht warning --- File `"figures/ba2_graph15.xbb"' not found ---
l.227 --- TeX4ht warning --- Cannot determine size of graphic in "figures/ba2_g
raph15.xbb" (no BoundingBox) ---
l. 227 --- needs --- figures/ba2_graph15.png ---
l.232 --- TeX4ht warning --- File `"figures/ba2_graph0.xbb"' not found ---
l.232 --- TeX4ht warning --- Cannot determine size of graphic in "figures/ba2_g
raph0.xbb" (no BoundingBox) ---
l. 232 --- needs --- figures/ba2_graph0.png ---
l.238 --- TeX4ht warning --- File `"figures/ba2_graph1.xbb"' not found ---
l.238 --- TeX4ht warning --- Cannot determine size of graphic in "figures/ba2_g
raph1.xbb" (no BoundingBox) ---
l. 238 --- needs --- figures/ba2_graph1.png ---
l.244 --- TeX4ht warning --- File `"figures/ba2_graph2.xbb"' not found ---
l.244 --- TeX4ht warning --- Cannot determine size of graphic in "figures/ba2_g
raph2.xbb" (no BoundingBox) ---
l. 244 --- needs --- figures/ba2_graph2.png ---
l.250 --- TeX4ht warning --- File `"figures/ba2_graph3.xbb"' not found ---
l.250 --- TeX4ht warning --- Cannot determine size of graphic in "figures/ba2_g
raph3.xbb" (no BoundingBox) ---
l. 250 --- needs --- figures/ba2_graph3.png ---
l.256 --- TeX4ht warning --- File `"figures/ba2_graph4.xbb"' not found ---
l.256 --- TeX4ht warning --- Cannot determine size of graphic in "figures/ba2_g
raph4.xbb" (no BoundingBox) ---
l. 256 --- needs --- figures/ba2_graph4.png ---

Package caption Warning: Ambiguous sub-caption(s), use \nextfloat on input line
 260.
See the caption package documentation for explanation.

[75

] [76

] [77

]
l.277 --- TeX4ht warning --- File `"figures/ba3_graph6.xbb"' not found ---
l.277 --- TeX4ht warning --- Cannot determine size of graphic in "figures/ba3_g
raph6.xbb" (no BoundingBox) ---
l. 277 --- needs --- figures/ba3_graph6.png ---
l.277 --- TeX4ht warning --- File `"figures/ba3_graph7.xbb"' not found ---
l.277 --- TeX4ht warning --- Cannot determine size of graphic in "figures/ba3_g
raph7.xbb" (no BoundingBox) ---
l. 277 --- needs --- figures/ba3_graph7.png ---
l.277 --- TeX4ht warning --- File `"figures/ba3_graph8.xbb"' not found ---
l.277 --- TeX4ht warning --- Cannot determine size of graphic in "figures/ba3_g
raph8.xbb" (no BoundingBox) ---
l. 277 --- needs --- figures/ba3_graph8.png ---
l.277 --- TeX4ht warning --- File `"figures/ba3_graph9.xbb"' not found ---
l.277 --- TeX4ht warning --- Cannot determine size of graphic in "figures/ba3_g
raph9.xbb" (no BoundingBox) ---
l. 277 --- needs --- figures/ba3_graph9.png ---
l.277 --- TeX4ht warning --- File `"figures/ba3_graph10.xbb"' not found ---
l.277 --- TeX4ht warning --- Cannot determine size of graphic in "figures/ba3_g
raph10.xbb" (no BoundingBox) ---
l. 277 --- needs --- figures/ba3_graph10.png ---
l.288 --- TeX4ht warning --- File `"figures/ba3_graph11.xbb"' not found ---
l.288 --- TeX4ht warning --- Cannot determine size of graphic in "figures/ba3_g
raph11.xbb" (no BoundingBox) ---
l. 288 --- needs --- figures/ba3_graph11.png ---
l.288 --- TeX4ht warning --- File `"figures/ba3_graph12.xbb"' not found ---
l.288 --- TeX4ht warning --- Cannot determine size of graphic in "figures/ba3_g
raph12.xbb" (no BoundingBox) ---
l. 288 --- needs --- figures/ba3_graph12.png ---
l.288 --- TeX4ht warning --- File `"figures/ba3_graph13.xbb"' not found ---
l.288 --- TeX4ht warning --- Cannot determine size of graphic in "figures/ba3_g
raph13.xbb" (no BoundingBox) ---
l. 288 --- needs --- figures/ba3_graph13.png ---
l.288 --- TeX4ht warning --- File `"figures/ba3_graph14.xbb"' not found ---
l.288 --- TeX4ht warning --- Cannot determine size of graphic in "figures/ba3_g
raph14.xbb" (no BoundingBox) ---
l. 288 --- needs --- figures/ba3_graph14.png ---
l.288 --- TeX4ht warning --- File `"figures/ba3_graph15.xbb"' not found ---
l.288 --- TeX4ht warning --- Cannot determine size of graphic in "figures/ba3_g
raph15.xbb" (no BoundingBox) ---
l. 288 --- needs --- figures/ba3_graph15.png ---
l.293 --- TeX4ht warning --- File `"figures/ba3_graph0.xbb"' not found ---
l.293 --- TeX4ht warning --- Cannot determine size of graphic in "figures/ba3_g
raph0.xbb" (no BoundingBox) ---
l. 293 --- needs --- figures/ba3_graph0.png ---
l.299 --- TeX4ht warning --- File `"figures/ba3_graph1.xbb"' not found ---
l.299 --- TeX4ht warning --- Cannot determine size of graphic in "figures/ba3_g
raph1.xbb" (no BoundingBox) ---
l. 299 --- needs --- figures/ba3_graph1.png ---
l.305 --- TeX4ht warning --- File `"figures/ba3_graph2.xbb"' not found ---
l.305 --- TeX4ht warning --- Cannot determine size of graphic in "figures/ba3_g
raph2.xbb" (no BoundingBox) ---
l. 305 --- needs --- figures/ba3_graph2.png ---
l.311 --- TeX4ht warning --- File `"figures/ba3_graph3.xbb"' not found ---
l.311 --- TeX4ht warning --- Cannot determine size of graphic in "figures/ba3_g
raph3.xbb" (no BoundingBox) ---
l. 311 --- needs --- figures/ba3_graph3.png ---
l.317 --- TeX4ht warning --- File `"figures/ba3_graph4.xbb"' not found ---
l.317 --- TeX4ht warning --- Cannot determine size of graphic in "figures/ba3_g
raph4.xbb" (no BoundingBox) ---
l. 317 --- needs --- figures/ba3_graph4.png ---

Package caption Warning: Ambiguous sub-caption(s), use \nextfloat on input line
 321.
See the caption package documentation for explanation.

[78

] [79

] [80

]
l.338 --- TeX4ht warning --- File `"figures/figure1.xbb"' not found ---
l.338 --- TeX4ht warning --- Cannot determine size of graphic in "figures/figur
e1.xbb" (no BoundingBox) ---
l. 338 --- needs --- figures/figure1.png ---
l.338 --- TeX4ht warning --- File `"figures/figure2.xbb"' not found ---
l.338 --- TeX4ht warning --- Cannot determine size of graphic in "figures/figur
e2.xbb" (no BoundingBox) ---
l. 338 --- needs --- figures/figure2.png ---
l.338 --- TeX4ht warning --- File `"figures/figure3.xbb"' not found ---
l.338 --- TeX4ht warning --- Cannot determine size of graphic in "figures/figur
e3.xbb" (no BoundingBox) ---
l. 338 --- needs --- figures/figure3.png ---
l.338 --- TeX4ht warning --- File `"figures/figure4.xbb"' not found ---
l.338 --- TeX4ht warning --- Cannot determine size of graphic in "figures/figur
e4.xbb" (no BoundingBox) ---
l. 338 --- needs --- figures/figure4.png ---
l.338 --- TeX4ht warning --- File `"figures/figure5.xbb"' not found ---
l.338 --- TeX4ht warning --- Cannot determine size of graphic in "figures/figur
e5.xbb" (no BoundingBox) ---
l. 338 --- needs --- figures/figure5.png ---
l.349 --- TeX4ht warning --- File `"figures/figure6.xbb"' not found ---
l.349 --- TeX4ht warning --- Cannot determine size of graphic in "figures/figur
e6.xbb" (no BoundingBox) ---
l. 349 --- needs --- figures/figure6.png ---
l.349 --- TeX4ht warning --- File `"figures/figure7.xbb"' not found ---
l.349 --- TeX4ht warning --- Cannot determine size of graphic in "figures/figur
e7.xbb" (no BoundingBox) ---
l. 349 --- needs --- figures/figure7.png ---
l.349 --- TeX4ht warning --- File `"figures/figure8.xbb"' not found ---
l.349 --- TeX4ht warning --- Cannot determine size of graphic in "figures/figur
e8.xbb" (no BoundingBox) ---
l. 349 --- needs --- figures/figure8.png ---
l.349 --- TeX4ht warning --- File `"figures/figure9.xbb"' not found ---
l.349 --- TeX4ht warning --- Cannot determine size of graphic in "figures/figur
e9.xbb" (no BoundingBox) ---
l. 349 --- needs --- figures/figure9.png ---
l.349 --- TeX4ht warning --- File `"figures/figure10.xbb"' not found ---
l.349 --- TeX4ht warning --- Cannot determine size of graphic in "figures/figur
e10.xbb" (no BoundingBox) ---
l. 349 --- needs --- figures/figure10.png ---
l.359 --- TeX4ht warning --- File `"figures/figure16.xbb"' not found ---
l.359 --- TeX4ht warning --- Cannot determine size of graphic in "figures/figur
e16.xbb" (no BoundingBox) ---
l. 359 --- needs --- figures/figure16.png ---
l.359 --- TeX4ht warning --- File `"figures/figure17.xbb"' not found ---
l.359 --- TeX4ht warning --- Cannot determine size of graphic in "figures/figur
e17.xbb" (no BoundingBox) ---
l. 359 --- needs --- figures/figure17.png ---
l.359 --- TeX4ht warning --- File `"figures/figure18.xbb"' not found ---
l.359 --- TeX4ht warning --- Cannot determine size of graphic in "figures/figur
e18.xbb" (no BoundingBox) ---
l. 359 --- needs --- figures/figure18.png ---
l.359 --- TeX4ht warning --- File `"figures/figure19.xbb"' not found ---
l.359 --- TeX4ht warning --- Cannot determine size of graphic in "figures/figur
e19.xbb" (no BoundingBox) ---
l. 359 --- needs --- figures/figure19.png ---
l.359 --- TeX4ht warning --- File `"figures/figure20.xbb"' not found ---
l.359 --- TeX4ht warning --- Cannot determine size of graphic in "figures/figur
e20.xbb" (no BoundingBox) ---
l. 359 --- needs --- figures/figure20.png ---
l.369 --- TeX4ht warning --- File `"figures/figure11.xbb"' not found ---
l.369 --- TeX4ht warning --- Cannot determine size of graphic in "figures/figur
e11.xbb" (no BoundingBox) ---
l. 369 --- needs --- figures/figure11.png ---
l.369 --- TeX4ht warning --- File `"figures/figure12.xbb"' not found ---
l.369 --- TeX4ht warning --- Cannot determine size of graphic in "figures/figur
e12.xbb" (no BoundingBox) ---
l. 369 --- needs --- figures/figure12.png ---
l.369 --- TeX4ht warning --- File `"figures/figure13.xbb"' not found ---
l.369 --- TeX4ht warning --- Cannot determine size of graphic in "figures/figur
e13.xbb" (no BoundingBox) ---
l. 369 --- needs --- figures/figure13.png ---
l.369 --- TeX4ht warning --- File `"figures/figure14.xbb"' not found ---
l.369 --- TeX4ht warning --- Cannot determine size of graphic in "figures/figur
e14.xbb" (no BoundingBox) ---
l. 369 --- needs --- figures/figure14.png ---
l.369 --- TeX4ht warning --- File `"figures/figure15.xbb"' not found ---
l.369 --- TeX4ht warning --- Cannot determine size of graphic in "figures/figur
e15.xbb" (no BoundingBox) ---
l. 369 --- needs --- figures/figure15.png ---
l.374 --- TeX4ht warning --- File `"figures/figure21.xbb"' not found ---
l.374 --- TeX4ht warning --- Cannot determine size of graphic in "figures/figur
e21.xbb" (no BoundingBox) ---
l. 374 --- needs --- figures/figure21.png ---
l.380 --- TeX4ht warning --- File `"figures/figure22.xbb"' not found ---
l.380 --- TeX4ht warning --- Cannot determine size of graphic in "figures/figur
e22.xbb" (no BoundingBox) ---
l. 380 --- needs --- figures/figure22.png ---
l.386 --- TeX4ht warning --- File `"figures/figure23.xbb"' not found ---
l.386 --- TeX4ht warning --- Cannot determine size of graphic in "figures/figur
e23.xbb" (no BoundingBox) ---
l. 386 --- needs --- figures/figure23.png ---
l.392 --- TeX4ht warning --- File `"figures/figure24.xbb"' not found ---
l.392 --- TeX4ht warning --- Cannot determine size of graphic in "figures/figur
e24.xbb" (no BoundingBox) ---
l. 392 --- needs --- figures/figure24.png ---
l.398 --- TeX4ht warning --- File `"figures/figure25.xbb"' not found ---
l.398 --- TeX4ht warning --- Cannot determine size of graphic in "figures/figur
e25.xbb" (no BoundingBox) ---
l. 398 --- needs --- figures/figure25.png ---

Package caption Warning: Ambiguous sub-caption(s), use \nextfloat on input line
 402.
See the caption package documentation for explanation.

[81

]) [82

] (./output.aux)
 ***********
LaTeX2e <2023-11-01> patch level 1
L3 programming layer <2024-01-22>
 ***********
 ) 
Here is how much of TeX's memory you used:
 32624 strings out of 474223
 575086 string characters out of 5748759
 1949972 words of memory out of 5000000
 54003 multiletter control sequences out of 15000+600000
 583792 words of font info for 110 fonts, out of 8000000 for 9000
 1141 hyphenation exceptions out of 8191
 99i,16n,113p,2131b,907s stack positions out of 10000i,1000n,20000p,200000b,200000s

Output written on output.dvi (82 pages, 332960 bytes).
